"E:/Users/User/Documents/Unreal Projects/Dreamy/Content/Mannequin/Character/Mesh/SK_Mannequin_PhysicsAsset.uasset" 0
"E:/Users/User/Documents/Unreal Projects/Dreamy/Content/Mannequin/Character/Mesh/SK_Mannequin_PhysicsAsset.uexp" 1
"../../../Engine/Content/EngineResources/DefaultTexture.uasset" 2
"../../../Engine/Content/EngineResources/DefaultTexture.uexp" 3
"../../../Engine/Content/EngineResources/DefaultTexture.ubulk" 4
"../../../Engine/Content/Functions/Engine_MaterialFunctions02/Texturing/CustomRotator.uasset" 5
"../../../Engine/Content/Functions/Engine_MaterialFunctions02/Texturing/CustomRotator.uexp" 6
"E:/Users/User/Documents/Unreal Projects/Dreamy/Content/Materials/BaseMat.uasset" 7
"E:/Users/User/Documents/Unreal Projects/Dreamy/Content/Materials/BaseMat.uexp" 8
"E:/Users/User/Documents/Unreal Projects/Dreamy/Content/Materials/BaseMetallicRoughnessMat.uasset" 9
"E:/Users/User/Documents/Unreal Projects/Dreamy/Content/Materials/BaseMetallicRoughnessMat.uexp" 10
"E:/Users/User/Documents/Unreal Projects/Dreamy/Content/Materials/BaseMetallicRoughnessNoTextureMat.uasset" 11
"E:/Users/User/Documents/Unreal Projects/Dreamy/Content/Materials/BaseMetallicRoughnessNoTextureMat.uexp" 12
"E:/Users/User/Documents/Unreal Projects/Dreamy/Content/MeshesAndAnimations/Enemies/Material.uasset" 13
"E:/Users/User/Documents/Unreal Projects/Dreamy/Content/MeshesAndAnimations/Enemies/Material.uexp" 14
"E:/Users/User/Documents/Unreal Projects/Dreamy/Content/MeshesAndAnimations/Enemies/Snake_Skeleton.uasset" 15
"E:/Users/User/Documents/Unreal Projects/Dreamy/Content/MeshesAndAnimations/Enemies/Snake_Skeleton.uexp" 16
"../../../Engine/Content/Animation/DefaultAnimCurveCompressionSettings.uasset" 17
"../../../Engine/Content/Animation/DefaultAnimCurveCompressionSettings.uexp" 18
"../../../Engine/Content/Animation/DefaultAnimBoneCompressionSettings.uasset" 19
"../../../Engine/Content/Animation/DefaultAnimBoneCompressionSettings.uexp" 20
"E:/Users/User/Documents/Unreal Projects/Dreamy/Content/MeshesAndAnimations/Enemies/Snake_Anim_Armature_ArmatureAction_001.uasset" 21
"E:/Users/User/Documents/Unreal Projects/Dreamy/Content/MeshesAndAnimations/Enemies/Snake_Anim_Armature_ArmatureAction_001.uexp" 22
"E:/Users/User/Documents/Unreal Projects/Dreamy/Content/Materials/BaseEmissiveMat.uasset" 23
"E:/Users/User/Documents/Unreal Projects/Dreamy/Content/Materials/BaseEmissiveMat.uexp" 24
"E:/Users/User/Documents/Unreal Projects/Dreamy/Content/Materials/MaterialInstances/AttackMeshMatInst.uasset" 25
"E:/Users/User/Documents/Unreal Projects/Dreamy/Content/Materials/MaterialInstances/AttackMeshMatInst.uexp" 26
"E:/Users/User/Documents/Unreal Projects/Dreamy/Content/MeshesAndAnimations/PlayerSkills/Hammer_Cylinder_002.uasset" 27
"E:/Users/User/Documents/Unreal Projects/Dreamy/Content/MeshesAndAnimations/PlayerSkills/Hammer_Cylinder_002.uexp" 28
"E:/Users/User/Documents/Unreal Projects/Dreamy/Content/MeshesAndAnimations/PlayerSkills/Material.uasset" 29
"E:/Users/User/Documents/Unreal Projects/Dreamy/Content/MeshesAndAnimations/PlayerSkills/Material.uexp" 30
"E:/Users/User/Documents/Unreal Projects/Dreamy/Content/Materials/MaterialInstances/DefenseMeshMatInst.uasset" 31
"E:/Users/User/Documents/Unreal Projects/Dreamy/Content/Materials/MaterialInstances/DefenseMeshMatInst.uexp" 32
"E:/Users/User/Documents/Unreal Projects/Dreamy/Content/MeshesAndAnimations/PlayerSkills/SacredShield.uasset" 33
"E:/Users/User/Documents/Unreal Projects/Dreamy/Content/MeshesAndAnimations/PlayerSkills/SacredShield.uexp" 34
"../../../Engine/Plugins/FX/Niagara/Content/Enums/ENiagaraChannelCorrelation.uasset" 35
"../../../Engine/Plugins/FX/Niagara/Content/Enums/ENiagaraChannelCorrelation.uexp" 36
"../../../Engine/Plugins/FX/Niagara/Content/Enums/ENiagara_UVFlippingMode.uasset" 37
"../../../Engine/Plugins/FX/Niagara/Content/Enums/ENiagara_UVFlippingMode.uexp" 38
"../../../Engine/Plugins/FX/Niagara/Content/Enums/ENiagara_SpriteRotationMode.uasset" 39
"../../../Engine/Plugins/FX/Niagara/Content/Enums/ENiagara_SpriteRotationMode.uexp" 40
"../../../Engine/Plugins/FX/Niagara/Content/Enums/ENiagara_PositionInitializationMode.uasset" 41
"../../../Engine/Plugins/FX/Niagara/Content/Enums/ENiagara_PositionInitializationMode.uexp" 42
"../../../Engine/Plugins/FX/Niagara/Content/Enums/ENiagara_MassInitializationMode.uasset" 43
"../../../Engine/Plugins/FX/Niagara/Content/Enums/ENiagara_MassInitializationMode.uexp" 44
"../../../Engine/Plugins/FX/Niagara/Content/Enums/ENiagara_LifetimeMode.uasset" 45
"../../../Engine/Plugins/FX/Niagara/Content/Enums/ENiagara_LifetimeMode.uexp" 46
"../../../Engine/Plugins/FX/Niagara/Content/Enums/ENiagara_InfiniteLoopDuration.uasset" 47
"../../../Engine/Plugins/FX/Niagara/Content/Enums/ENiagara_InfiniteLoopDuration.uexp" 48
"../../../Engine/Plugins/FX/Niagara/Content/Enums/ENiagara_EmitterStateOptions.uasset" 49
"../../../Engine/Plugins/FX/Niagara/Content/Enums/ENiagara_EmitterStateOptions.uexp" 50
"../../../Engine/Plugins/FX/Niagara/Content/Enums/ENiagara_ColorInitializationMode.uasset" 51
"../../../Engine/Plugins/FX/Niagara/Content/Enums/ENiagara_ColorInitializationMode.uexp" 52
"../../../Engine/Plugins/FX/Niagara/Content/Modules/Update/Lifetime/ParticleState.uasset" 53
"../../../Engine/Plugins/FX/Niagara/Content/Modules/Update/Lifetime/ParticleState.uexp" 54
"../../../Engine/Plugins/FX/Niagara/Content/Functions/Localspace/TransformBase.uasset" 55
"../../../Engine/Plugins/FX/Niagara/Content/Functions/Localspace/TransformBase.uexp" 56
"../../../Engine/Plugins/FX/Niagara/Content/Functions/Localspace/TransformVector.uasset" 57
"../../../Engine/Plugins/FX/Niagara/Content/Functions/Localspace/TransformVector.uexp" 58
"../../../Engine/Plugins/FX/Niagara/Content/Modules/Update/Forces/GravityForce.uasset" 59
"../../../Engine/Plugins/FX/Niagara/Content/Modules/Update/Forces/GravityForce.uexp" 60
"../../../Engine/Plugins/FX/Niagara/Content/Modules/Update/Forces/Drag.uasset" 61
"../../../Engine/Plugins/FX/Niagara/Content/Modules/Update/Forces/Drag.uexp" 62
"../../../Engine/Plugins/FX/Niagara/Content/Enums/ENiagaraScaleColorMode.uasset" 63
"../../../Engine/Plugins/FX/Niagara/Content/Enums/ENiagaraScaleColorMode.uexp" 64
"../../../Engine/Plugins/FX/Niagara/Content/Modules/Update/Color/ScaleColor.uasset" 65
"../../../Engine/Plugins/FX/Niagara/Content/Modules/Update/Color/ScaleColor.uexp" 66
"../../../Engine/Plugins/FX/Niagara/Content/Functions/Localspace/TransformOffset.uasset" 67
"../../../Engine/Plugins/FX/Niagara/Content/Functions/Localspace/TransformOffset.uexp" 68
"../../../Engine/Plugins/FX/Niagara/Content/Modules/Spawn/Velocity/LinearForce.uasset" 69
"../../../Engine/Plugins/FX/Niagara/Content/Modules/Spawn/Velocity/LinearForce.uexp" 70
"../../../Engine/Plugins/FX/Niagara/Content/Functions/Math/RemapValueRange.uasset" 71
"../../../Engine/Plugins/FX/Niagara/Content/Functions/Math/RemapValueRange.uexp" 72
"../../../Engine/Plugins/FX/Niagara/Content/Functions/PolarToCartesianCoordinates.uasset" 73
"../../../Engine/Plugins/FX/Niagara/Content/Functions/PolarToCartesianCoordinates.uexp" 74
"../../../Engine/Plugins/FX/Niagara/Content/Enums/ENiagaraRandomnessMode.uasset" 75
"../../../Engine/Plugins/FX/Niagara/Content/Enums/ENiagaraRandomnessMode.uexp" 76
"../../../Engine/Plugins/FX/Niagara/Content/Functions/GetRandomInfo.uasset" 77
"../../../Engine/Plugins/FX/Niagara/Content/Functions/GetRandomInfo.uexp" 78
"../../../Engine/Plugins/FX/Niagara/Content/Functions/RandomRangeFloat.uasset" 79
"../../../Engine/Plugins/FX/Niagara/Content/Functions/RandomRangeFloat.uexp" 80
"../../../Engine/Plugins/FX/Niagara/Content/Functions/DirectionAndLengthSafe.uasset" 81
"../../../Engine/Plugins/FX/Niagara/Content/Functions/DirectionAndLengthSafe.uexp" 82
"../../../Engine/Plugins/FX/Niagara/Content/Functions/RandomVectorInCone.uasset" 83
"../../../Engine/Plugins/FX/Niagara/Content/Functions/RandomVectorInCone.uexp" 84
"../../../Engine/Plugins/FX/Niagara/Content/Functions/Rotation/FindQuatBetween.uasset" 85
"../../../Engine/Plugins/FX/Niagara/Content/Functions/Rotation/FindQuatBetween.uexp" 86
"../../../Engine/Plugins/FX/Niagara/Content/Functions/Rotation/MultiplyVectorWithQuaternion.uasset" 87
"../../../Engine/Plugins/FX/Niagara/Content/Functions/Rotation/MultiplyVectorWithQuaternion.uexp" 88
"../../../Engine/Plugins/FX/Niagara/Content/Modules/Spawn/Velocity/AddVelocityInCone.uasset" 89
"../../../Engine/Plugins/FX/Niagara/Content/Modules/Spawn/Velocity/AddVelocityInCone.uexp" 90
"../../../Engine/Plugins/FX/Niagara/Content/Modules/Spawn/Velocity/AddVelocity.uasset" 91
"../../../Engine/Plugins/FX/Niagara/Content/Modules/Spawn/Velocity/AddVelocity.uexp" 92
"../../../Engine/Plugins/FX/Niagara/Content/Enums/ENiagaraRandomnessEvaluation.uasset" 93
"../../../Engine/Plugins/FX/Niagara/Content/Enums/ENiagaraRandomnessEvaluation.uexp" 94
"../../../Engine/Plugins/FX/Niagara/Content/Functions/V2/CalculateRandomRange.uasset" 95
"../../../Engine/Plugins/FX/Niagara/Content/Functions/V2/CalculateRandomRange.uexp" 96
"../../../Engine/Plugins/FX/Niagara/Content/Functions/V2/CalculateRandomPointInSphere.uasset" 97
"../../../Engine/Plugins/FX/Niagara/Content/Functions/V2/CalculateRandomPointInSphere.uexp" 98
"../../../Engine/Plugins/FX/Niagara/Content/Functions/SphericalToCartesianCoordinates.uasset" 99
"../../../Engine/Plugins/FX/Niagara/Content/Functions/SphericalToCartesianCoordinates.uexp" 100
"../../../Engine/Plugins/FX/Niagara/Content/Functions/Localspace/SimulationPosition.uasset" 101
"../../../Engine/Plugins/FX/Niagara/Content/Functions/Localspace/SimulationPosition.uexp" 102
"../../../Engine/Plugins/FX/Niagara/Content/Enums/ENiagaraExpansionMode.uasset" 103
"../../../Engine/Plugins/FX/Niagara/Content/Enums/ENiagaraExpansionMode.uexp" 104
"../../../Engine/Plugins/FX/Niagara/Content/Enums/ENiagaraSphereDistributionMode.uasset" 105
"../../../Engine/Plugins/FX/Niagara/Content/Enums/ENiagaraSphereDistributionMode.uexp" 106
"../../../Engine/Plugins/FX/Niagara/Content/Modules/Spawn/Location/V2/SphereLocation.uasset" 107
"../../../Engine/Plugins/FX/Niagara/Content/Modules/Spawn/Location/V2/SphereLocation.uexp" 108
"../../../Engine/Plugins/FX/Niagara/Content/Functions/LinearColor/HueShiftLinearColor.uasset" 109
"../../../Engine/Plugins/FX/Niagara/Content/Functions/LinearColor/HueShiftLinearColor.uexp" 110
"../../../Engine/Plugins/FX/Niagara/Content/Functions/V2/CalculateRandomRangeInteger.uasset" 111
"../../../Engine/Plugins/FX/Niagara/Content/Functions/V2/CalculateRandomRangeInteger.uexp" 112
"../../../Engine/Plugins/FX/Niagara/Content/Functions/V2/CalculateRandomBool.uasset" 113
"../../../Engine/Plugins/FX/Niagara/Content/Functions/V2/CalculateRandomBool.uexp" 114
"../../../Engine/Plugins/FX/Niagara/Content/Functions/V2/CalculateRandomRangeFloat.uasset" 115
"../../../Engine/Plugins/FX/Niagara/Content/Functions/V2/CalculateRandomRangeFloat.uexp" 116
"../../../Engine/Plugins/FX/Niagara/Content/Enums/ENiagara_SizeScaleMode.uasset" 117
"../../../Engine/Plugins/FX/Niagara/Content/Enums/ENiagara_SizeScaleMode.uexp" 118
"../../../Engine/Plugins/FX/Niagara/Content/Enums/Ribbons/ENiagara_UnsetDirectSetRandom.uasset" 119
"../../../Engine/Plugins/FX/Niagara/Content/Enums/Ribbons/ENiagara_UnsetDirectSetRandom.uexp" 120
"../../../Engine/Plugins/FX/Niagara/Content/Modules/Spawn/Initialization/V2/InitializeParticle.uasset" 121
"../../../Engine/Plugins/FX/Niagara/Content/Modules/Spawn/Initialization/V2/InitializeParticle.uexp" 122
"../../../Engine/Plugins/FX/Niagara/Content/Modules/Solvers/SolveForcesAndVelocity.uasset" 123
"../../../Engine/Plugins/FX/Niagara/Content/Modules/Solvers/SolveForcesAndVelocity.uexp" 124
"../../../Engine/Plugins/FX/Niagara/Content/Modules/Emitter/SpawnRate.uasset" 125
"../../../Engine/Plugins/FX/Niagara/Content/Modules/Emitter/SpawnRate.uexp" 126
"../../../Engine/Plugins/FX/Niagara/Content/Functions/Emitter/EmitterChangeState.uasset" 127
"../../../Engine/Plugins/FX/Niagara/Content/Functions/Emitter/EmitterChangeState.uexp" 128
"../../../Engine/Plugins/FX/Niagara/Content/Enums/ENiagaraExecutionStateManagement.uasset" 129
"../../../Engine/Plugins/FX/Niagara/Content/Enums/ENiagaraExecutionStateManagement.uexp" 130
"../../../Engine/Plugins/FX/Niagara/Content/Enums/ENiagaraInactiveMode.uasset" 131
"../../../Engine/Plugins/FX/Niagara/Content/Enums/ENiagaraInactiveMode.uexp" 132
"../../../Engine/Plugins/FX/Niagara/Content/Enums/ENiagaraEmitterScalabilityMode_Limited.uasset" 133
"../../../Engine/Plugins/FX/Niagara/Content/Enums/ENiagaraEmitterScalabilityMode_Limited.uexp" 134
"../../../Engine/Plugins/FX/Niagara/Content/Enums/ENiagaraEmitterLifeCycleMode.uasset" 135
"../../../Engine/Plugins/FX/Niagara/Content/Enums/ENiagaraEmitterLifeCycleMode.uexp" 136
"../../../Engine/Plugins/FX/Niagara/Content/Modules/Emitter/EmitterState.uasset" 137
"../../../Engine/Plugins/FX/Niagara/Content/Modules/Emitter/EmitterState.uexp" 138
"../../../Engine/Plugins/FX/Niagara/Content/DynamicInputs/ValueFromCurve/FloatFromCurve.uasset" 139
"../../../Engine/Plugins/FX/Niagara/Content/DynamicInputs/ValueFromCurve/FloatFromCurve.uexp" 140
"../../../Engine/Plugins/FX/Niagara/Content/DynamicInputs/UniformRange/V2/RandomRangeFloat.uasset" 141
"../../../Engine/Plugins/FX/Niagara/Content/DynamicInputs/UniformRange/V2/RandomRangeFloat.uexp" 142
"../../../Engine/Plugins/FX/Niagara/Content/DefaultAssets/DefaultSpriteMaterial.uasset" 143
"../../../Engine/Plugins/FX/Niagara/Content/DefaultAssets/DefaultSpriteMaterial.uexp" 144
"../../../Engine/Plugins/FX/Niagara/Content/Functions/System/SystemChangeState.uasset" 145
"../../../Engine/Plugins/FX/Niagara/Content/Functions/System/SystemChangeState.uexp" 146
"../../../Engine/Plugins/FX/Niagara/Content/Enums/ENiagaraSystemInactiveMode.uasset" 147
"../../../Engine/Plugins/FX/Niagara/Content/Enums/ENiagaraSystemInactiveMode.uexp" 148
"../../../Engine/Plugins/FX/Niagara/Content/Modules/System/SystemState.uasset" 149
"../../../Engine/Plugins/FX/Niagara/Content/Modules/System/SystemState.uexp" 150
"E:/Users/User/Documents/Unreal Projects/Dreamy/Content/VFX/SkyRocketZPathNiagaraSystem.uasset" 151
"E:/Users/User/Documents/Unreal Projects/Dreamy/Content/VFX/SkyRocketZPathNiagaraSystem.uexp" 152
"E:/Users/User/Documents/Unreal Projects/Dreamy/Content/Mannequin/Character/Mesh/SK_Mannequin_Skeleton.uasset" 153
"E:/Users/User/Documents/Unreal Projects/Dreamy/Content/Mannequin/Character/Mesh/SK_Mannequin_Skeleton.uexp" 154
"E:/Users/User/Documents/Unreal Projects/Dreamy/Content/Mannequin/Character/Mesh/SK_Mannequin.uasset" 155
"E:/Users/User/Documents/Unreal Projects/Dreamy/Content/Mannequin/Character/Mesh/SK_Mannequin.uexp" 156
"E:/Users/User/Documents/Unreal Projects/Dreamy/Content/Textures/CoinTexture.uasset" 157
"E:/Users/User/Documents/Unreal Projects/Dreamy/Content/Textures/CoinTexture.uexp" 158
"E:/Users/User/Documents/Unreal Projects/Dreamy/Content/Textures/DreamyButtonsImage.uasset" 159
"E:/Users/User/Documents/Unreal Projects/Dreamy/Content/Textures/DreamyButtonsImage.uexp" 160
"E:/Users/User/Documents/Unreal Projects/Dreamy/Content/Textures/DreamyModelTextures.uasset" 161
"E:/Users/User/Documents/Unreal Projects/Dreamy/Content/Textures/DreamyModelTextures.uexp" 162
"E:/Users/User/Documents/Unreal Projects/Dreamy/Content/Textures/DreamyOtherUIElements.uasset" 163
"E:/Users/User/Documents/Unreal Projects/Dreamy/Content/Textures/DreamyOtherUIElements.uexp" 164
"../../../Engine/Content/EngineMaterials/T_Default_Material_Grid_N.uasset" 165
"../../../Engine/Content/EngineMaterials/T_Default_Material_Grid_N.uexp" 166
"../../../Engine/Content/EngineMaterials/T_Default_Material_Grid_N.ubulk" 167
"../../../Engine/Content/EngineMaterials/T_Default_Material_Grid_M.uasset" 168
"../../../Engine/Content/EngineMaterials/T_Default_Material_Grid_M.uexp" 169
"../../../Engine/Content/EngineMaterials/T_Default_Material_Grid_M.ubulk" 170
"../../../Engine/Content/Functions/Engine_MaterialFunctions01/Opacity/CameraDepthFade.uasset" 171
"../../../Engine/Content/Functions/Engine_MaterialFunctions01/Opacity/CameraDepthFade.uexp" 172
"../../../Engine/Content/EngineMaterials/WorldGridMaterial.uasset" 173
"../../../Engine/Content/EngineMaterials/WorldGridMaterial.uexp" 174
"../../../Engine/Content/ArtTools/RenderToTexture/Meshes/S_1_Unit_Plane.uasset" 175
"../../../Engine/Content/ArtTools/RenderToTexture/Meshes/S_1_Unit_Plane.uexp" 176
"../../../Engine/Content/EngineMaterials/DefaultMaterial.uasset" 177
"../../../Engine/Content/EngineMaterials/DefaultMaterial.uexp" 178
"../../../Engine/Content/BasicShapes/Cone.uasset" 179
"../../../Engine/Content/BasicShapes/Cone.uexp" 180
"../../../Engine/Content/BasicShapes/Plane.uasset" 181
"../../../Engine/Content/BasicShapes/Plane.uexp" 182
"../../../Engine/Content/EditorLandscapeResources/DataLayer.uasset" 183
"../../../Engine/Content/EditorLandscapeResources/DataLayer.uexp" 184
"../../../Engine/Content/EditorLandscapeResources/DefaultAlphaTexture.uasset" 185
"../../../Engine/Content/EditorLandscapeResources/DefaultAlphaTexture.uexp" 186
"../../../Engine/Content/EditorMaterials/MAT_Groups_Toggle.uasset" 187
"../../../Engine/Content/EditorMaterials/MAT_Groups_Toggle.uexp" 188
"../../../Engine/Content/EditorMaterials/MAT_Groups_Visibility.uasset" 189
"../../../Engine/Content/EditorMaterials/MAT_Groups_Visibility.uexp" 190
"../../../Engine/Content/EditorMaterials/PreviewShadowIndicator.uasset" 191
"../../../Engine/Content/EditorMaterials/PreviewShadowIndicator.uexp" 192
"../../../Engine/Content/EditorMaterials/PreviewShadowIndicator.ubulk" 193
"../../../Engine/Content/EditorMaterials/PreviewShadowIndicatorMaterial.uasset" 194
"../../../Engine/Content/EditorMaterials/PreviewShadowIndicatorMaterial.uexp" 195
"../../../Engine/Content/EditorMaterials/MatineeGroups/MAT_ColorTrack.uasset" 196
"../../../Engine/Content/EditorMaterials/MatineeGroups/MAT_ColorTrack.uexp" 197
"../../../Engine/Content/EditorMaterials/MatineeGroups/MAT_Groups_Anim.uasset" 198
"../../../Engine/Content/EditorMaterials/MatineeGroups/MAT_Groups_Anim.uexp" 199
"../../../Engine/Content/EditorMaterials/MatineeGroups/MAT_Groups_AudioMaster.uasset" 200
"../../../Engine/Content/EditorMaterials/MatineeGroups/MAT_Groups_AudioMaster.uexp" 201
"../../../Engine/Content/EditorMaterials/MatineeGroups/MAT_Groups_Director.uasset" 202
"../../../Engine/Content/EditorMaterials/MatineeGroups/MAT_Groups_Director.uexp" 203
"../../../Engine/Content/EditorMaterials/MatineeGroups/MAT_Groups_Event.uasset" 204
"../../../Engine/Content/EditorMaterials/MatineeGroups/MAT_Groups_Event.uexp" 205
"../../../Engine/Content/EditorMaterials/MatineeGroups/MAT_Groups_Fade.uasset" 206
"../../../Engine/Content/EditorMaterials/MatineeGroups/MAT_Groups_Fade.uexp" 207
"../../../Engine/Content/EditorMaterials/MatineeGroups/MAT_Groups_Float.uasset" 208
"../../../Engine/Content/EditorMaterials/MatineeGroups/MAT_Groups_Float.uexp" 209
"../../../Engine/Content/EditorMaterials/MatineeGroups/MAT_Groups_Move.uasset" 210
"../../../Engine/Content/EditorMaterials/MatineeGroups/MAT_Groups_Move.uexp" 211
"../../../Engine/Content/EditorMaterials/MatineeGroups/MAT_Groups_Slomo.uasset" 212
"../../../Engine/Content/EditorMaterials/MatineeGroups/MAT_Groups_Slomo.uexp" 213
"../../../Engine/Content/EditorMaterials/MatineeGroups/MAT_Groups_Sound.uasset" 214
"../../../Engine/Content/EditorMaterials/MatineeGroups/MAT_Groups_Sound.uexp" 215
"../../../Engine/Content/EditorMaterials/MatineeGroups/MAT_Groups_Vector.uasset" 216
"../../../Engine/Content/EditorMaterials/MatineeGroups/MAT_Groups_Vector.uexp" 217
"../../../Engine/Content/EditorMaterials/ParticleSystems/PSysThumbnail_NoImage.uasset" 218
"../../../Engine/Content/EditorMaterials/ParticleSystems/PSysThumbnail_NoImage.uexp" 219
"../../../Engine/Content/EditorMaterials/ParticleSystems/PSysThumbnail_NoImage.ubulk" 220
"../../../Engine/Content/EditorMaterials/ParticleSystems/PSysThumbnail_OOD.uasset" 221
"../../../Engine/Content/EditorMaterials/ParticleSystems/PSysThumbnail_OOD.uexp" 222
"../../../Engine/Content/EditorMaterials/ParticleSystems/PSysThumbnail_OOD.ubulk" 223
"../../../Engine/Content/EditorMaterials/Camera/CineMat.uasset" 224
"../../../Engine/Content/EditorMaterials/Camera/CineMat.uexp" 225
"../../../Engine/Content/EditorMaterials/Camera/MI_CineMat_Rig.uasset" 226
"../../../Engine/Content/EditorMaterials/Camera/MI_CineMat_Rig.uexp" 227
"../../../Engine/Content/EditorMeshes/Camera/SM_CraneRig_Arm.uasset" 228
"../../../Engine/Content/EditorMeshes/Camera/SM_CraneRig_Arm.uexp" 229
"../../../Engine/Content/EditorMeshes/Camera/SM_CraneRig_Base.uasset" 230
"../../../Engine/Content/EditorMeshes/Camera/SM_CraneRig_Base.uexp" 231
"../../../Engine/Content/EditorMeshes/Camera/SM_CraneRig_Body.uasset" 232
"../../../Engine/Content/EditorMeshes/Camera/SM_CraneRig_Body.uexp" 233
"../../../Engine/Content/EditorMeshes/Camera/SM_CraneRig_Mount.uasset" 234
"../../../Engine/Content/EditorMeshes/Camera/SM_CraneRig_Mount.uexp" 235
"../../../Engine/Content/EditorMeshes/Camera/SM_RailRig_Mount.uasset" 236
"../../../Engine/Content/EditorMeshes/Camera/SM_RailRig_Mount.uexp" 237
"../../../Engine/Content/EditorMeshes/Camera/SM_RailRig_Track.uasset" 238
"../../../Engine/Content/EditorMeshes/Camera/SM_RailRig_Track.uexp" 239
"../../../Engine/Content/EditorResources/BSPVertex.uasset" 240
"../../../Engine/Content/EditorResources/BSPVertex.uexp" 241
"../../../Engine/Content/EditorResources/EmptyActor.uasset" 242
"../../../Engine/Content/EditorResources/EmptyActor.uexp" 243
"../../../Engine/Content/EditorResources/S_Actor.uasset" 244
"../../../Engine/Content/EditorResources/S_Actor.uexp" 245
"../../../Engine/Content/EditorResources/S_Actor.ubulk" 246
"../../../Engine/Content/EditorResources/S_Note.uasset" 247
"../../../Engine/Content/EditorResources/S_Note.uexp" 248
"../../../Engine/Content/EditorResources/S_Note.ubulk" 249
"../../../Engine/Content/EditorResources/S_Solver.uasset" 250
"../../../Engine/Content/EditorResources/S_Solver.uexp" 251
"../../../Engine/Content/EditorResources/S_Solver.ubulk" 252
"../../../Engine/Content/EditorResources/S_Terrain.uasset" 253
"../../../Engine/Content/EditorResources/S_Terrain.uexp" 254
"../../../Engine/Content/EditorResources/S_Terrain.ubulk" 255
"../../../Engine/Content/EditorResources/S_Trigger.uasset" 256
"../../../Engine/Content/EditorResources/S_Trigger.uexp" 257
"../../../Engine/Content/EditorResources/S_Trigger.ubulk" 258
"../../../Engine/Content/EditorResources/LightIcons/S_LightError.uasset" 259
"../../../Engine/Content/EditorResources/LightIcons/S_LightError.uexp" 260
"../../../Engine/Content/EditorResources/SequenceRecorder/Countdown.uasset" 261
"../../../Engine/Content/EditorResources/SequenceRecorder/Countdown.uexp" 262
"../../../Engine/Content/EditorResources/SequenceRecorder/RecordingIndicator.uasset" 263
"../../../Engine/Content/EditorResources/SequenceRecorder/RecordingIndicator.uexp" 264
"../../../Engine/Content/EngineDamageTypes/DmgTypeBP_Environmental.uasset" 265
"../../../Engine/Content/EngineDamageTypes/DmgTypeBP_Environmental.uexp" 266
"../../../Engine/Content/EngineDebugMaterials/DebugEditorMaterial.uasset" 267
"../../../Engine/Content/EngineDebugMaterials/DebugEditorMaterial.uexp" 268
"../../../Engine/Content/EngineDebugMaterials/DebugMeshMaterial.uasset" 269
"../../../Engine/Content/EngineDebugMaterials/DebugMeshMaterial.uexp" 270
"../../../Engine/Content/EngineDebugMaterials/M_SimpleUnlitTranslucent.uasset" 271
"../../../Engine/Content/EngineDebugMaterials/M_SimpleUnlitTranslucent.uexp" 272
"../../../Engine/Content/EngineDebugMaterials/VolumeToRender.uasset" 273
"../../../Engine/Content/EngineDebugMaterials/VolumeToRender.uexp" 274
"../../../Engine/Content/Functions/Engine_MaterialFunctions02/Utility/CameraDirectionVector.uasset" 275
"../../../Engine/Content/Functions/Engine_MaterialFunctions02/Utility/CameraDirectionVector.uexp" 276
"../../../Engine/Content/EngineDebugMaterials/M_VolumeRenderSphereTracePP.uasset" 277
"../../../Engine/Content/EngineDebugMaterials/M_VolumeRenderSphereTracePP.uexp" 278
"../../../Engine/Content/Functions/Engine_MaterialFunctions01/Shading/ConvertFromDiffSpec.uasset" 279
"../../../Engine/Content/Functions/Engine_MaterialFunctions01/Shading/ConvertFromDiffSpec.uexp" 280
"../../../Engine/Content/EngineDebugMaterials/VertexColorMaterial.uasset" 281
"../../../Engine/Content/EngineDebugMaterials/VertexColorMaterial.uexp" 282
"../../../Engine/Content/EngineDebugMaterials/WireframeMaterial.uasset" 283
"../../../Engine/Content/EngineDebugMaterials/WireframeMaterial.uexp" 284
"../../../Engine/Content/EngineFonts/Faces/RobotoRegular.uasset" 285
"../../../Engine/Content/EngineFonts/Faces/RobotoRegular.uexp" 286
"../../../Engine/Content/EngineFonts/Faces/RobotoRegular.ufont" 287
"../../../Engine/Content/EngineFonts/Faces/RobotoLight.uasset" 288
"../../../Engine/Content/EngineFonts/Faces/RobotoLight.uexp" 289
"../../../Engine/Content/EngineFonts/Faces/RobotoLight.ufont" 290
"../../../Engine/Content/EngineFonts/Faces/RobotoItalic.uasset" 291
"../../../Engine/Content/EngineFonts/Faces/RobotoItalic.uexp" 292
"../../../Engine/Content/EngineFonts/Faces/RobotoItalic.ufont" 293
"../../../Engine/Content/EngineFonts/Faces/RobotoBoldItalic.uasset" 294
"../../../Engine/Content/EngineFonts/Faces/RobotoBoldItalic.uexp" 295
"../../../Engine/Content/EngineFonts/Faces/RobotoBoldItalic.ufont" 296
"../../../Engine/Content/EngineFonts/Faces/RobotoBold.uasset" 297
"../../../Engine/Content/EngineFonts/Faces/RobotoBold.uexp" 298
"../../../Engine/Content/EngineFonts/Faces/RobotoBold.ufont" 299
"../../../Engine/Content/EngineFonts/Faces/DroidSansFallback.uasset" 300
"../../../Engine/Content/EngineFonts/Faces/DroidSansFallback.uexp" 301
"../../../Engine/Content/EngineFonts/Faces/DroidSansFallback.ufont" 302
"../../../Engine/Content/EngineFonts/Roboto.uasset" 303
"../../../Engine/Content/EngineFonts/Roboto.uexp" 304
"../../../Engine/Content/EngineMaterials/BaseFlattenNormalMap.uasset" 305
"../../../Engine/Content/EngineMaterials/BaseFlattenNormalMap.uexp" 306
"../../../Engine/Content/EngineMaterials/BaseFlattenGrayscaleMap.uasset" 307
"../../../Engine/Content/EngineMaterials/BaseFlattenGrayscaleMap.uexp" 308
"../../../Engine/Content/EngineMaterials/BaseFlattenEmissiveMap.uasset" 309
"../../../Engine/Content/EngineMaterials/BaseFlattenEmissiveMap.uexp" 310
"../../../Engine/Content/EngineMaterials/BaseFlattenDiffuseMap.uasset" 311
"../../../Engine/Content/EngineMaterials/BaseFlattenDiffuseMap.uexp" 312
"../../../Engine/Content/EngineMaterials/BaseFlattenMaterial.uasset" 313
"../../../Engine/Content/EngineMaterials/BaseFlattenMaterial.uexp" 314
"../../../Engine/Content/EngineMaterials/BlueNoise.uasset" 315
"../../../Engine/Content/EngineMaterials/BlueNoise.uexp" 316
"../../../Engine/Content/EngineMaterials/DefaultBloomKernel.uasset" 317
"../../../Engine/Content/EngineMaterials/DefaultBloomKernel.uexp" 318
"../../../Engine/Content/EngineMaterials/DefaultBokeh.uasset" 319
"../../../Engine/Content/EngineMaterials/DefaultBokeh.uexp" 320
"../../../Engine/Content/EngineMaterials/DefaultDiffuse.uasset" 321
"../../../Engine/Content/EngineMaterials/DefaultDiffuse.uexp" 322
"../../../Engine/Content/EngineMaterials/DefaultDiffuse.ubulk" 323
"../../../Engine/Content/EngineMaterials/DefaultDeferredDecalMaterial.uasset" 324
"../../../Engine/Content/EngineMaterials/DefaultDeferredDecalMaterial.uexp" 325
"../../../Engine/Content/EngineMaterials/DefaultLightFunctionMaterial.uasset" 326
"../../../Engine/Content/EngineMaterials/DefaultLightFunctionMaterial.uexp" 327
"../../../Engine/Content/EngineMaterials/DefaultPhysicalMaterial.uasset" 328
"../../../Engine/Content/EngineMaterials/DefaultPhysicalMaterial.uexp" 329
"../../../Engine/Content/Functions/Engine_MaterialFunctions02/Utility/BreakOutFloat2Components.uasset" 330
"../../../Engine/Content/Functions/Engine_MaterialFunctions02/Utility/BreakOutFloat2Components.uexp" 331
"../../../Engine/Content/EngineMaterials/DefaultPostProcessMaterial.uasset" 332
"../../../Engine/Content/EngineMaterials/DefaultPostProcessMaterial.uexp" 333
"../../../Engine/Content/EngineFonts/RobotoDistanceField.uasset" 334
"../../../Engine/Content/EngineFonts/RobotoDistanceField.uexp" 335
"../../../Engine/Content/EngineMaterials/DefaultTextMaterialOpaque.uasset" 336
"../../../Engine/Content/EngineMaterials/DefaultTextMaterialOpaque.uexp" 337
"../../../Engine/Content/EngineMaterials/DefaultWhiteGrid.uasset" 338
"../../../Engine/Content/EngineMaterials/DefaultWhiteGrid.uexp" 339
"../../../Engine/Content/EngineMaterials/DefaultWhiteGrid.ubulk" 340
"../../../Engine/Content/EngineMaterials/DefaultWhiteGrid_Low.uasset" 341
"../../../Engine/Content/EngineMaterials/DefaultWhiteGrid_Low.uexp" 342
"../../../Engine/Content/EngineMaterials/EmissiveMeshMaterial.uasset" 343
"../../../Engine/Content/EngineMaterials/EmissiveMeshMaterial.uexp" 344
"../../../Engine/Content/EngineMaterials/GizmoMaterial.uasset" 345
"../../../Engine/Content/EngineMaterials/GizmoMaterial.uexp" 346
"../../../Engine/Content/EngineMaterials/Good64x64TilingNoiseHighFreq.uasset" 347
"../../../Engine/Content/EngineMaterials/Good64x64TilingNoiseHighFreq.uexp" 348
"../../../Engine/Content/EngineMaterials/MiniFont.uasset" 349
"../../../Engine/Content/EngineMaterials/MiniFont.uexp" 350
"../../../Engine/Content/EngineMaterials/InvalidLightmapSettings.uasset" 351
"../../../Engine/Content/EngineMaterials/InvalidLightmapSettings.uexp" 352
"../../../Engine/Content/EngineMaterials/InvalidLightmapSettings.ubulk" 353
"../../../Engine/Content/EngineMaterials/M_InvalidLightmapSettings.uasset" 354
"../../../Engine/Content/EngineMaterials/M_InvalidLightmapSettings.uexp" 355
"../../../Engine/Content/Functions/Engine_MaterialFunctions02/WorldPositionOffset/CameraOffset.uasset" 356
"../../../Engine/Content/Functions/Engine_MaterialFunctions02/WorldPositionOffset/CameraOffset.uexp" 357
"../../../Engine/Content/EngineMaterials/PhAT_JointLimitMaterial.uasset" 358
"../../../Engine/Content/EngineMaterials/PhAT_JointLimitMaterial.uexp" 359
"../../../Engine/Content/EngineMaterials/DefaultCalibrationColor.uasset" 360
"../../../Engine/Content/EngineMaterials/DefaultCalibrationColor.uexp" 361
"../../../Engine/Content/EngineMaterials/PPM_DefaultCalibrationColor.uasset" 362
"../../../Engine/Content/EngineMaterials/PPM_DefaultCalibrationColor.uexp" 363
"../../../Engine/Content/EngineMaterials/DefaultCalibrationGrayscale.uasset" 364
"../../../Engine/Content/EngineMaterials/DefaultCalibrationGrayscale.uexp" 365
"../../../Engine/Content/EngineMaterials/PPM_DefaultCalibrationGrayscale.uasset" 366
"../../../Engine/Content/EngineMaterials/PPM_DefaultCalibrationGrayscale.uexp" 367
"../../../Engine/Content/EngineMaterials/PreintegratedSkinBRDF.uasset" 368
"../../../Engine/Content/EngineMaterials/PreintegratedSkinBRDF.uexp" 369
"../../../Engine/Content/EngineMaterials/RemoveSurfaceMaterial.uasset" 370
"../../../Engine/Content/EngineMaterials/RemoveSurfaceMaterial.uexp" 371
"../../../Engine/Content/EngineMaterials/WeightMapPlaceholderTexture.uasset" 372
"../../../Engine/Content/EngineMaterials/WeightMapPlaceholderTexture.uexp" 373
"../../../Engine/Content/EngineResources/WhiteSquareTexture.uasset" 374
"../../../Engine/Content/EngineResources/WhiteSquareTexture.uexp" 375
"../../../Engine/Content/EngineMaterials/Widget3DPassThrough.uasset" 376
"../../../Engine/Content/EngineMaterials/Widget3DPassThrough.uexp" 377
"../../../Engine/Content/EngineMaterials/Widget3DPassThrough_Masked.uasset" 378
"../../../Engine/Content/EngineMaterials/Widget3DPassThrough_Masked.uexp" 379
"../../../Engine/Content/EngineMaterials/Widget3DPassThrough_Opaque.uasset" 380
"../../../Engine/Content/EngineMaterials/Widget3DPassThrough_Opaque.uexp" 381
"../../../Engine/Content/EngineMaterials/Widget3DPassThrough_Masked_OneSided.uasset" 382
"../../../Engine/Content/EngineMaterials/Widget3DPassThrough_Masked_OneSided.uexp" 383
"../../../Engine/Content/EngineMaterials/Widget3DPassThrough_Opaque_OneSided.uasset" 384
"../../../Engine/Content/EngineMaterials/Widget3DPassThrough_Opaque_OneSided.uexp" 385
"../../../Engine/Content/EngineMaterials/Widget3DPassThrough_Translucent.uasset" 386
"../../../Engine/Content/EngineMaterials/Widget3DPassThrough_Translucent.uexp" 387
"../../../Engine/Content/EngineMaterials/Widget3DPassThrough_Translucent_OneSided.uasset" 388
"../../../Engine/Content/EngineMaterials/Widget3DPassThrough_Translucent_OneSided.uexp" 389
"../../../Engine/Content/EngineMeshes/Cube.uasset" 390
"../../../Engine/Content/EngineMeshes/Cube.uexp" 391
"../../../Engine/Content/EngineMeshes/Cylinder.uasset" 392
"../../../Engine/Content/EngineMeshes/Cylinder.uexp" 393
"../../../Engine/Content/EngineMeshes/Sphere.uasset" 394
"../../../Engine/Content/EngineMeshes/Sphere.uexp" 395
"../../../Engine/Content/EngineResources/Black.uasset" 396
"../../../Engine/Content/EngineResources/Black.uexp" 397
"../../../Engine/Content/EngineResources/DefaultTextureCube.uasset" 398
"../../../Engine/Content/EngineResources/DefaultTextureCube.uexp" 399
"../../../Engine/Content/EngineResources/DefaultVolumeTexture2D.uasset" 400
"../../../Engine/Content/EngineResources/DefaultVolumeTexture2D.uexp" 401
"../../../Engine/Content/EngineResources/DefaultVolumeTexture.uasset" 402
"../../../Engine/Content/EngineResources/DefaultVolumeTexture.uexp" 403
"../../../Engine/Content/EngineResources/GradientTexture0.uasset" 404
"../../../Engine/Content/EngineResources/GradientTexture0.uexp" 405
"../../../Engine/Content/EngineSky/VolumetricClouds/T_NoiseShape64.uasset" 406
"../../../Engine/Content/EngineSky/VolumetricClouds/T_NoiseShape64.uexp" 407
"../../../Engine/Content/EngineSky/VolumetricClouds/T_NoiseShape64.ubulk" 408
"../../../Engine/Content/EngineSky/VolumetricClouds/T_VolumeNoiseShape64.uasset" 409
"../../../Engine/Content/EngineSky/VolumetricClouds/T_VolumeNoiseShape64.uexp" 410
"../../../Engine/Content/EngineSky/VolumetricClouds/T_NoiseErosion.uasset" 411
"../../../Engine/Content/EngineSky/VolumetricClouds/T_NoiseErosion.uexp" 412
"../../../Engine/Content/EngineSky/VolumetricClouds/T_NoiseErosion.ubulk" 413
"../../../Engine/Content/EngineSky/VolumetricClouds/T_VolumeNoiseErosion32.uasset" 414
"../../../Engine/Content/EngineSky/VolumetricClouds/T_VolumeNoiseErosion32.uexp" 415
"../../../Engine/Content/EngineSky/VolumetricClouds/CloudWeatherTexture.uasset" 416
"../../../Engine/Content/EngineSky/VolumetricClouds/CloudWeatherTexture.uexp" 417
"../../../Engine/Content/EngineSky/VolumetricClouds/CloudGradientTexture.uasset" 418
"../../../Engine/Content/EngineSky/VolumetricClouds/CloudGradientTexture.uexp" 419
"../../../Engine/Content/Functions/Engine_MaterialFunctions02/Utility/MakeFloat2.uasset" 420
"../../../Engine/Content/Functions/Engine_MaterialFunctions02/Utility/MakeFloat2.uexp" 421
"../../../Engine/Content/EngineSky/VolumetricClouds/m_SimpleVolumetricCloud.uasset" 422
"../../../Engine/Content/EngineSky/VolumetricClouds/m_SimpleVolumetricCloud.uexp" 423
"../../../Engine/Content/EngineSky/VolumetricClouds/m_SimpleVolumetricCloud_Inst.uasset" 424
"../../../Engine/Content/EngineSky/VolumetricClouds/m_SimpleVolumetricCloud_Inst.uexp" 425
"../../../Engine/Content/EngineSounds/Master.uasset" 426
"../../../Engine/Content/EngineSounds/Master.uexp" 427
"../../../Engine/Content/Functions/Engine_MaterialFunctions01/Shading/PowerToRoughness.uasset" 428
"../../../Engine/Content/Functions/Engine_MaterialFunctions01/Shading/PowerToRoughness.uexp" 429
"../../../Engine/Content/Maps/Templates/Thumbnails/Default.uasset" 430
"../../../Engine/Content/Maps/Templates/Thumbnails/Default.uexp" 431
"../../../Engine/Content/Maps/Templates/Thumbnails/TimeOfDay.uasset" 432
"../../../Engine/Content/Maps/Templates/Thumbnails/TimeOfDay.uexp" 433
"../../../Engine/Content/Maps/Templates/Thumbnails/VR-Basic.uasset" 434
"../../../Engine/Content/Maps/Templates/Thumbnails/VR-Basic.uexp" 435
"../../../Engine/Content/MobileResources/T_MobileControls_texture.uasset" 436
"../../../Engine/Content/MobileResources/T_MobileControls_texture.uexp" 437
"../../../Engine/Content/MobileResources/T_MobileMenu2.uasset" 438
"../../../Engine/Content/MobileResources/T_MobileMenu2.uexp" 439
"../../../Engine/Content/MobileResources/HUD/AnalogHat.uasset" 440
"../../../Engine/Content/MobileResources/HUD/AnalogHat.uexp" 441
"../../../Engine/Content/MobileResources/HUD/VirtualJoystick_Thumb.uasset" 442
"../../../Engine/Content/MobileResources/HUD/VirtualJoystick_Thumb.uexp" 443
"../../../Engine/Content/MobileResources/HUD/VirtualJoystick_Background.uasset" 444
"../../../Engine/Content/MobileResources/HUD/VirtualJoystick_Background.uexp" 445
"../../../Engine/Content/MobileResources/HUD/DefaultVirtualJoysticks.uasset" 446
"../../../Engine/Content/MobileResources/HUD/DefaultVirtualJoysticks.uexp" 447
"../../../Engine/Content/MobileResources/HUD/LeftVirtualJoystickOnly.uasset" 448
"../../../Engine/Content/MobileResources/HUD/LeftVirtualJoystickOnly.uexp" 449
"../../../Engine/Content/MobileResources/HUD/MobileHUDButton1_off.uasset" 450
"../../../Engine/Content/MobileResources/HUD/MobileHUDButton1_off.uexp" 451
"../../../Engine/Content/MobileResources/HUD/MobileHUDButton1_on.uasset" 452
"../../../Engine/Content/MobileResources/HUD/MobileHUDButton1_on.uexp" 453
"../../../Engine/Content/MobileResources/HUD/MobileHUDButton2_off.uasset" 454
"../../../Engine/Content/MobileResources/HUD/MobileHUDButton2_off.uexp" 455
"../../../Engine/Content/MobileResources/HUD/MobileHUDButton2_on.uasset" 456
"../../../Engine/Content/MobileResources/HUD/MobileHUDButton2_on.uexp" 457
"../../../Engine/Content/MobileResources/HUD/MobileHUDButton3.uasset" 458
"../../../Engine/Content/MobileResources/HUD/MobileHUDButton3.uexp" 459
"../../../Engine/Content/MobileResources/HUD/MobileHUDButtonFire.uasset" 460
"../../../Engine/Content/MobileResources/HUD/MobileHUDButtonFire.uexp" 461
"../../../Engine/Content/MobileResources/HUD/MobileHUDDirectionPad.uasset" 462
"../../../Engine/Content/MobileResources/HUD/MobileHUDDirectionPad.uexp" 463
"../../../Engine/Content/MobileResources/HUD/MobileHUDDirectionPad2.uasset" 464
"../../../Engine/Content/MobileResources/HUD/MobileHUDDirectionPad2.uexp" 465
"../../../Engine/Content/MobileResources/HUD/MobileHUDDirectionPad3.uasset" 466
"../../../Engine/Content/MobileResources/HUD/MobileHUDDirectionPad3.uexp" 467
"../../../Engine/Content/MobileResources/HUD/MobileHUDDirectionStick.uasset" 468
"../../../Engine/Content/MobileResources/HUD/MobileHUDDirectionStick.uexp" 469
"../../../Engine/Content/MobileResources/HUD/T_Castle_ThumbstickInner.uasset" 470
"../../../Engine/Content/MobileResources/HUD/T_Castle_ThumbstickInner.uexp" 471
"../../../Engine/Content/MobileResources/HUD/T_Castle_ThumbstickOutter.uasset" 472
"../../../Engine/Content/MobileResources/HUD/T_Castle_ThumbstickOutter.uexp" 473
"../../../Engine/Content/Tutorial/ContentIntroCurve.uasset" 474
"../../../Engine/Content/Tutorial/ContentIntroCurve.uexp" 475
"../../../Engine/Content/Tutorial/Basics/TutorialAssets/icon_tab_Levels_40x.uasset" 476
"../../../Engine/Content/Tutorial/Basics/TutorialAssets/icon_tab_Levels_40x.uexp" 477
"../../../Engine/Content/Tutorial/BlueprintTutorials/TutorialAssets/Blueprint_64x.uasset" 478
"../../../Engine/Content/Tutorial/BlueprintTutorials/TutorialAssets/Blueprint_64x.uexp" 479
"../../../Engine/Content/Tutorial/Landscape/TutorialAssets/Landscape.uasset" 480
"../../../Engine/Content/Tutorial/Landscape/TutorialAssets/Landscape.uexp" 481
"../../../Engine/Content/EditorBlueprintResources/StandardMacros.uasset" 482
"../../../Engine/Content/EditorBlueprintResources/StandardMacros.uexp" 483
"../../../Engine/Content/Tutorial/SubEditors/TutorialAssets/TutorialMaterial.uasset" 484
"../../../Engine/Content/Tutorial/SubEditors/TutorialAssets/TutorialMaterial.uexp" 485
"../../../Engine/Content/VREditor/TransformGizmo/TranslucentTransformGizmoMaterial.uasset" 486
"../../../Engine/Content/VREditor/TransformGizmo/TranslucentTransformGizmoMaterial.uexp" 487
"../../../Engine/Content/VREditor/LaserPointer/VR_LaserPower_01.uasset" 488
"../../../Engine/Content/VREditor/LaserPointer/VR_LaserPower_01.uexp" 489
"../../../Engine/Content/VREditor/LaserPointer/VR_LaserPower_01.ubulk" 490
"../../../Engine/Content/VREditor/TransformGizmo/TransformGizmoMaterial.uasset" 491
"../../../Engine/Content/VREditor/TransformGizmo/TransformGizmoMaterial.uexp" 492
"../../../Engine/Content/VREditor/TransformGizmo/BoundingBoxCorner.uasset" 493
"../../../Engine/Content/VREditor/TransformGizmo/BoundingBoxCorner.uexp" 494
"../../../Engine/Content/VREditor/TransformGizmo/BoundingBoxEdge.uasset" 495
"../../../Engine/Content/VREditor/TransformGizmo/BoundingBoxEdge.uexp" 496
"../../../Engine/Content/VREditor/TransformGizmo/PlaneTranslationHandle.uasset" 497
"../../../Engine/Content/VREditor/TransformGizmo/PlaneTranslationHandle.uexp" 498
"../../../Engine/Content/VREditor/TransformGizmo/Xray.uasset" 499
"../../../Engine/Content/VREditor/TransformGizmo/Xray.uexp" 500
"../../../Engine/Content/VREditor/TransformGizmo/Main.uasset" 501
"../../../Engine/Content/VREditor/TransformGizmo/Main.uexp" 502
"../../../Engine/Content/VREditor/TransformGizmo/SM_Sequencer_Key.uasset" 503
"../../../Engine/Content/VREditor/TransformGizmo/SM_Sequencer_Key.uexp" 504
"../../../Engine/Content/VREditor/TransformGizmo/SM_Sequencer_Node.uasset" 505
"../../../Engine/Content/VREditor/TransformGizmo/SM_Sequencer_Node.uexp" 506
"../../../Engine/Plugins/2D/Paper2D/Content/PlaceholderTextures/DummySpriteTexture.uasset" 507
"../../../Engine/Plugins/2D/Paper2D/Content/PlaceholderTextures/DummySpriteTexture.uexp" 508
"../../../Engine/Plugins/2D/Paper2D/Content/PlaceholderTextures/DummySpriteTexture.ubulk" 509
"../../../Engine/Plugins/2D/Paper2D/Content/DummySprite.uasset" 510
"../../../Engine/Plugins/2D/Paper2D/Content/DummySprite.uexp" 511
"../../../Engine/Plugins/2D/Paper2D/Content/DefaultPaperTerrainMaterial.uasset" 512
"../../../Engine/Plugins/2D/Paper2D/Content/DefaultPaperTerrainMaterial.uexp" 513
"../../../Engine/Plugins/2D/Paper2D/Content/DefaultSpriteMaterial.uasset" 514
"../../../Engine/Plugins/2D/Paper2D/Content/DefaultSpriteMaterial.uexp" 515
"../../../Engine/Plugins/2D/Paper2D/Content/MaskedUnlitSpriteMaterial.uasset" 516
"../../../Engine/Plugins/2D/Paper2D/Content/MaskedUnlitSpriteMaterial.uexp" 517
"../../../Engine/Plugins/2D/Paper2D/Content/OpaqueUnlitSpriteMaterial.uasset" 518
"../../../Engine/Plugins/2D/Paper2D/Content/OpaqueUnlitSpriteMaterial.uexp" 519
"../../../Engine/Content/Functions/Engine_MaterialFunctions02/Utility/BreakOutFloat3Components.uasset" 520
"../../../Engine/Content/Functions/Engine_MaterialFunctions02/Utility/BreakOutFloat3Components.uexp" 521
"../../../Engine/Plugins/Editor/SpeedTreeImporter/Content/SpeedTree9/UnpackInteger3.uasset" 522
"../../../Engine/Plugins/Editor/SpeedTreeImporter/Content/SpeedTree9/UnpackInteger3.uexp" 523
"../../../Engine/Plugins/Editor/SpeedTreeImporter/Content/SpeedTree9/UnpackDirection.uasset" 524
"../../../Engine/Plugins/Editor/SpeedTreeImporter/Content/SpeedTree9/UnpackDirection.uexp" 525
"../../../Engine/Plugins/Editor/SpeedTreeImporter/Content/SpeedTree9/game_wind_noise.uasset" 526
"../../../Engine/Plugins/Editor/SpeedTreeImporter/Content/SpeedTree9/game_wind_noise.uexp" 527
"../../../Engine/Plugins/Editor/SpeedTreeImporter/Content/SpeedTree9/game_wind_noise.ubulk" 528
"../../../Engine/Content/Functions/Engine_MaterialFunctions02/SafeNormalize.uasset" 529
"../../../Engine/Content/Functions/Engine_MaterialFunctions02/SafeNormalize.uexp" 530
"../../../Engine/Plugins/Editor/SpeedTreeImporter/Content/SpeedTree9/SpeedTreeWindMotion.uasset" 531
"../../../Engine/Plugins/Editor/SpeedTreeImporter/Content/SpeedTree9/SpeedTreeWindMotion.uexp" 532
"../../../Engine/Plugins/Editor/SpeedTreeImporter/Content/SpeedTree9/SpeedTreeBranchMotion.uasset" 533
"../../../Engine/Plugins/Editor/SpeedTreeImporter/Content/SpeedTree9/SpeedTreeBranchMotion.uexp" 534
"../../../Engine/Content/Functions/Engine_MaterialFunctions02/ObjectLocalBounds.uasset" 535
"../../../Engine/Content/Functions/Engine_MaterialFunctions02/ObjectLocalBounds.uexp" 536
"../../../Engine/Content/Functions/Engine_MaterialFunctions02/UVs/BoundingBoxBased_0-1_UVW.uasset" 537
"../../../Engine/Content/Functions/Engine_MaterialFunctions02/UVs/BoundingBoxBased_0-1_UVW.uexp" 538
"../../../Engine/Content/Functions/Engine_MaterialFunctions02/Utility/VectorLength.uasset" 539
"../../../Engine/Content/Functions/Engine_MaterialFunctions02/Utility/VectorLength.uexp" 540
"../../../Engine/Content/Functions/Engine_MaterialFunctions02/WorldPositionOffset/ObjectScale.uasset" 541
"../../../Engine/Content/Functions/Engine_MaterialFunctions02/WorldPositionOffset/ObjectScale.uexp" 542
"../../../Engine/Plugins/Editor/SpeedTreeImporter/Content/SpeedTree9/SpeedTreeWind.uasset" 543
"../../../Engine/Plugins/Editor/SpeedTreeImporter/Content/SpeedTree9/SpeedTreeWind.uexp" 544
"../../../Engine/Plugins/Editor/SpeedTreeImporter/Content/SpeedTree9/SpeedTreeBillboard.uasset" 545
"../../../Engine/Plugins/Editor/SpeedTreeImporter/Content/SpeedTree9/SpeedTreeBillboard.uexp" 546
"../../../Engine/Plugins/Editor/SpeedTreeImporter/Content/SpeedTree9/EmptyNormal.uasset" 547
"../../../Engine/Plugins/Editor/SpeedTreeImporter/Content/SpeedTree9/EmptyNormal.uexp" 548
"../../../Engine/Plugins/Editor/SpeedTreeImporter/Content/SpeedTree9/Empty.uasset" 549
"../../../Engine/Plugins/Editor/SpeedTreeImporter/Content/SpeedTree9/Empty.uexp" 550
"../../../Engine/Plugins/Editor/SpeedTreeImporter/Content/SpeedTree9/SpeedTreeBillboardMaster.uasset" 551
"../../../Engine/Plugins/Editor/SpeedTreeImporter/Content/SpeedTree9/SpeedTreeBillboardMaster.uexp" 552
"../../../Engine/Plugins/Editor/SpeedTreeImporter/Content/SpeedTree9/SpeedTreeCameraFacing.uasset" 553
"../../../Engine/Plugins/Editor/SpeedTreeImporter/Content/SpeedTree9/SpeedTreeCameraFacing.uexp" 554
"../../../Engine/Plugins/Editor/SpeedTreeImporter/Content/SpeedTree9/SpeedTreeMaster.uasset" 555
"../../../Engine/Plugins/Editor/SpeedTreeImporter/Content/SpeedTree9/SpeedTreeMaster.uexp" 556
"../../../Engine/Content/BasicShapes/Cylinder.uasset" 557
"../../../Engine/Content/BasicShapes/Cylinder.uexp" 558
"../../../Engine/Content/ArtTools/RenderToTexture/Materials/Debug/M_Emissive_Color.uasset" 559
"../../../Engine/Content/ArtTools/RenderToTexture/Materials/Debug/M_Emissive_Color.uexp" 560
"../../../Engine/Content/Functions/Engine_MaterialFunctions02/Utility/BreakOutFloat4Components.uasset" 561
"../../../Engine/Content/Functions/Engine_MaterialFunctions02/Utility/BreakOutFloat4Components.uexp" 562
"../../../Engine/Content/Functions/Engine_MaterialFunctions02/Utility/MakeFloat3.uasset" 563
"../../../Engine/Content/Functions/Engine_MaterialFunctions02/Utility/MakeFloat3.uexp" 564
"../../../Engine/Plugins/Runtime/Oculus/OculusVR/Content/Materials/OculusMR_ChromaKey.uasset" 565
"../../../Engine/Plugins/Runtime/Oculus/OculusVR/Content/Materials/OculusMR_ChromaKey.uexp" 566
"../../../Engine/Plugins/Runtime/Oculus/OculusVR/Content/Materials/OculusMR_OpaqueColoredMaterial.uasset" 567
"../../../Engine/Plugins/Runtime/Oculus/OculusVR/Content/Materials/OculusMR_OpaqueColoredMaterial.uexp" 568
"../../../Engine/Plugins/Runtime/Oculus/OculusVR/Content/Materials/PokeAHoleMaterial.uasset" 569
"../../../Engine/Plugins/Runtime/Oculus/OculusVR/Content/Materials/PokeAHoleMaterial.uexp" 570
"../../../Engine/Plugins/Runtime/Oculus/OculusVR/Content/Textures/touchController_controlmap.uasset" 571
"../../../Engine/Plugins/Runtime/Oculus/OculusVR/Content/Textures/touchController_controlmap.uexp" 572
"../../../Engine/Plugins/Runtime/Oculus/OculusVR/Content/Textures/touchController_controlmap.ubulk" 573
"../../../Engine/Plugins/Runtime/Oculus/OculusVR/Content/Textures/touchController_albedo.uasset" 574
"../../../Engine/Plugins/Runtime/Oculus/OculusVR/Content/Textures/touchController_albedo.uexp" 575
"../../../Engine/Plugins/Runtime/Oculus/OculusVR/Content/Textures/touchController_albedo.ubulk" 576
"../../../Engine/Plugins/Runtime/Oculus/OculusVR/Content/Materials/touchController_mat.uasset" 577
"../../../Engine/Plugins/Runtime/Oculus/OculusVR/Content/Materials/touchController_mat.uexp" 578
"../../../Engine/Plugins/Runtime/Oculus/OculusVR/Content/Meshes/LeftTouchController.uasset" 579
"../../../Engine/Plugins/Runtime/Oculus/OculusVR/Content/Meshes/LeftTouchController.uexp" 580
"../../../Engine/Plugins/Runtime/Oculus/OculusVR/Content/Textures/TouchForQuestRiftSController_albedo.uasset" 581
"../../../Engine/Plugins/Runtime/Oculus/OculusVR/Content/Textures/TouchForQuestRiftSController_albedo.uexp" 582
"../../../Engine/Plugins/Runtime/Oculus/OculusVR/Content/Textures/TouchForQuestRiftSController_albedo.ubulk" 583
"../../../Engine/Plugins/Runtime/Oculus/OculusVR/Content/Materials/TouchForQuestRiftSControllerMaterial.uasset" 584
"../../../Engine/Plugins/Runtime/Oculus/OculusVR/Content/Materials/TouchForQuestRiftSControllerMaterial.uexp" 585
"../../../Engine/Plugins/Runtime/Oculus/OculusVR/Content/Meshes/LeftTouchForQuestRiftSController.uasset" 586
"../../../Engine/Plugins/Runtime/Oculus/OculusVR/Content/Meshes/LeftTouchForQuestRiftSController.uexp" 587
"../../../Engine/Plugins/Runtime/Oculus/OculusVR/Content/Meshes/RiftHMD.uasset" 588
"../../../Engine/Plugins/Runtime/Oculus/OculusVR/Content/Meshes/RiftHMD.uexp" 589
"../../../Engine/Plugins/Runtime/Oculus/OculusVR/Content/Meshes/RightTouchController.uasset" 590
"../../../Engine/Plugins/Runtime/Oculus/OculusVR/Content/Meshes/RightTouchController.uexp" 591
"../../../Engine/Plugins/Runtime/Oculus/OculusVR/Content/Meshes/RightTouchForQuestRiftSController.uasset" 592
"../../../Engine/Plugins/Runtime/Oculus/OculusVR/Content/Meshes/RightTouchForQuestRiftSController.uexp" 593
"../../../Engine/Content/MapTemplates/SM_Template_Map_Floor.uasset" 594
"../../../Engine/Content/MapTemplates/SM_Template_Map_Floor.uexp" 595
"../../../Engine/Content/EngineMeshes/T_Mat_UnrealTech_01_D.uasset" 596
"../../../Engine/Content/EngineMeshes/T_Mat_UnrealTech_01_D.uexp" 597
"../../../Engine/Content/EngineMeshes/T_Mat_UnrealTech_01_D.ubulk" 598
"../../../Engine/Content/EngineMeshes/M_Mat_UnrealTech.uasset" 599
"../../../Engine/Content/EngineMeshes/M_Mat_UnrealTech.uexp" 600
"../../../Engine/Content/EngineMeshes/SM_MatPreviewMesh_01.uasset" 601
"../../../Engine/Content/EngineMeshes/SM_MatPreviewMesh_01.uexp" 602
"../../../Engine/Content/BasicShapes/Sphere.uasset" 603
"../../../Engine/Content/BasicShapes/Sphere.uexp" 604
"../../../Engine/Content/TemplateResources/M_Template_Master.uasset" 605
"../../../Engine/Content/TemplateResources/M_Template_Master.uexp" 606
"../../../Engine/Content/TemplateResources/MI_Template_BaseGray_03_Metal.uasset" 607
"../../../Engine/Content/TemplateResources/MI_Template_BaseGray_03_Metal.uexp" 608
"../../../Engine/Content/TemplateResources/MI_Template_BaseGray_02_Metal.uasset" 609
"../../../Engine/Content/TemplateResources/MI_Template_BaseGray_02_Metal.uexp" 610
"../../../Engine/Content/MapTemplates/TilingNoise05.uasset" 611
"../../../Engine/Content/MapTemplates/TilingNoise05.uexp" 612
"../../../Engine/Content/MapTemplates/TilingNoise05.ubulk" 613
"../../../Engine/Content/Functions/Engine_MaterialFunctions02/SplitComponents.uasset" 614
"../../../Engine/Content/Functions/Engine_MaterialFunctions02/SplitComponents.uexp" 615
"../../../Engine/Content/EngineSky/M_SkyTimeOfDay.uasset" 616
"../../../Engine/Content/EngineSky/M_SkyTimeOfDay.uexp" 617
"E:/Users/User/Documents/Unreal Projects/Dreamy/Content/Maps/Level2.uexp" 618
"E:/Users/User/Documents/Unreal Projects/Dreamy/Content/Maps/Level2.umap" 619
"E:/Users/User/Documents/Unreal Projects/Dreamy/Content/Maps/MainMenu.uexp" 620
"E:/Users/User/Documents/Unreal Projects/Dreamy/Content/Maps/MainMenu.umap" 621
"E:/Users/User/Documents/Unreal Projects/Dreamy/Content/Geometry/Meshes/TemplateFloor.uasset" 622
"E:/Users/User/Documents/Unreal Projects/Dreamy/Content/Geometry/Meshes/TemplateFloor.uexp" 623
"E:/Users/User/Documents/Unreal Projects/Dreamy/Content/Geometry/Meshes/1M_Cube.uasset" 624
"E:/Users/User/Documents/Unreal Projects/Dreamy/Content/Geometry/Meshes/1M_Cube.uexp" 625
"../../../Engine/Content/EngineSky/T_Sky_Stars.uasset" 626
"../../../Engine/Content/EngineSky/T_Sky_Stars.uexp" 627
"../../../Engine/Content/EngineSky/T_Sky_Stars.ubulk" 628
"../../../Engine/Content/EngineSky/T_Sky_Clouds_M.uasset" 629
"../../../Engine/Content/EngineSky/T_Sky_Clouds_M.uexp" 630
"../../../Engine/Content/EngineSky/T_Sky_Clouds_M.ubulk" 631
"../../../Engine/Content/EngineSky/T_Sky_Blue.uasset" 632
"../../../Engine/Content/EngineSky/T_Sky_Blue.uexp" 633
"../../../Engine/Content/EngineSky/T_Sky_Blue.ubulk" 634
"../../../Engine/Content/EngineSky/M_Sky_Panning_Clouds2.uasset" 635
"../../../Engine/Content/EngineSky/M_Sky_Panning_Clouds2.uexp" 636
"../../../Engine/Content/BasicShapes/BasicShapeMaterial.uasset" 637
"../../../Engine/Content/BasicShapes/BasicShapeMaterial.uexp" 638
"E:/Users/User/Documents/Unreal Projects/Dreamy/Content/Materials/MaterialInstances/CoinsMatInst.uasset" 639
"E:/Users/User/Documents/Unreal Projects/Dreamy/Content/Materials/MaterialInstances/CoinsMatInst.uexp" 640
"E:/Users/User/Documents/Unreal Projects/Dreamy/Content/MeshesAndAnimations/Other/Coin.uasset" 641
"E:/Users/User/Documents/Unreal Projects/Dreamy/Content/MeshesAndAnimations/Other/Coin.uexp" 642
"E:/Users/User/Documents/Unreal Projects/Dreamy/Content/Blueprints/Other/Coin.uasset" 643
"E:/Users/User/Documents/Unreal Projects/Dreamy/Content/Blueprints/Other/Coin.uexp" 644
"E:/Users/User/Documents/Unreal Projects/Dreamy/Content/Materials/MaterialInstances/WhiteMatInst.uasset" 645
"E:/Users/User/Documents/Unreal Projects/Dreamy/Content/Materials/MaterialInstances/WhiteMatInst.uexp" 646
"E:/Users/User/Documents/Unreal Projects/Dreamy/Content/MeshesAndAnimations/Other/Heart.uasset" 647
"E:/Users/User/Documents/Unreal Projects/Dreamy/Content/MeshesAndAnimations/Other/Heart.uexp" 648
"E:/Users/User/Documents/Unreal Projects/Dreamy/Content/Textures/CheckpointCylinderTexture.uasset" 649
"E:/Users/User/Documents/Unreal Projects/Dreamy/Content/Textures/CheckpointCylinderTexture.uexp" 650
"E:/Users/User/Documents/Unreal Projects/Dreamy/Content/Materials/CheckpointCylinderMaterial.uasset" 651
"E:/Users/User/Documents/Unreal Projects/Dreamy/Content/Materials/CheckpointCylinderMaterial.uexp" 652
"E:/Users/User/Documents/Unreal Projects/Dreamy/Content/MeshesAndAnimations/Other/CheckpointCylinder.uasset" 653
"E:/Users/User/Documents/Unreal Projects/Dreamy/Content/MeshesAndAnimations/Other/CheckpointCylinder.uexp" 654
"E:/Users/User/Documents/Unreal Projects/Dreamy/Content/Blueprints/Other/Checkpoint.uasset" 655
"E:/Users/User/Documents/Unreal Projects/Dreamy/Content/Blueprints/Other/Checkpoint.uexp" 656
"E:/Users/User/Documents/Unreal Projects/Dreamy/Content/Materials/MaterialInstances/EnemiesMatInst.uasset" 657
"E:/Users/User/Documents/Unreal Projects/Dreamy/Content/Materials/MaterialInstances/EnemiesMatInst.uexp" 658
"E:/Users/User/Documents/Unreal Projects/Dreamy/Content/MeshesAndAnimations/Enemies/Spaceship.uasset" 659
"E:/Users/User/Documents/Unreal Projects/Dreamy/Content/MeshesAndAnimations/Enemies/Spaceship.uexp" 660
"E:/Users/User/Documents/Unreal Projects/Dreamy/Content/MeshesAndAnimations/Enemies/Crab_Skeleton.uasset" 661
"E:/Users/User/Documents/Unreal Projects/Dreamy/Content/MeshesAndAnimations/Enemies/Crab_Skeleton.uexp" 662
"E:/Users/User/Documents/Unreal Projects/Dreamy/Content/MeshesAndAnimations/Enemies/Crab_Anim.uasset" 663
"E:/Users/User/Documents/Unreal Projects/Dreamy/Content/MeshesAndAnimations/Enemies/Crab_Anim.uexp" 664
"E:/Users/User/Documents/Unreal Projects/Dreamy/Content/Structs/PlayerSkillInventoryItem.uasset" 665
"E:/Users/User/Documents/Unreal Projects/Dreamy/Content/Structs/PlayerSkillInventoryItem.uexp" 666
"E:/Users/User/Documents/Unreal Projects/Dreamy/Content/Structs/PlayerSkill.uasset" 667
"E:/Users/User/Documents/Unreal Projects/Dreamy/Content/Structs/PlayerSkill.uexp" 668
"E:/Users/User/Documents/Unreal Projects/Dreamy/Content/Structs/Level.uasset" 669
"E:/Users/User/Documents/Unreal Projects/Dreamy/Content/Structs/Level.uexp" 670
"E:/Users/User/Documents/Unreal Projects/Dreamy/Content/Structs/Costume.uasset" 671
"E:/Users/User/Documents/Unreal Projects/Dreamy/Content/Structs/Costume.uexp" 672
"E:/Users/User/Documents/Unreal Projects/Dreamy/Content/Blueprints/NewPlatformGameInstance.uasset" 673
"E:/Users/User/Documents/Unreal Projects/Dreamy/Content/Blueprints/NewPlatformGameInstance.uexp" 674
"E:/Users/User/Documents/Unreal Projects/Dreamy/Content/Blueprints/Enemies/Enemy.uasset" 675
"E:/Users/User/Documents/Unreal Projects/Dreamy/Content/Blueprints/Enemies/Enemy.uexp" 676
"E:/Users/User/Documents/Unreal Projects/Dreamy/Content/Blueprints/Enemies/Spaceship.uasset" 677
"E:/Users/User/Documents/Unreal Projects/Dreamy/Content/Blueprints/Enemies/Spaceship.uexp" 678
"E:/Users/User/Documents/Unreal Projects/Dreamy/Content/Textures/UncompletedObjectiveStar.uasset" 679
"E:/Users/User/Documents/Unreal Projects/Dreamy/Content/Textures/UncompletedObjectiveStar.uexp" 680
"E:/Users/User/Documents/Unreal Projects/Dreamy/Content/Widgets/LevelObjectiveUncompletedIcon.uasset" 681
"E:/Users/User/Documents/Unreal Projects/Dreamy/Content/Widgets/LevelObjectiveUncompletedIcon.uexp" 682
"E:/Users/User/Documents/Unreal Projects/Dreamy/Content/Textures/CompletedObjectiveStar.uasset" 683
"E:/Users/User/Documents/Unreal Projects/Dreamy/Content/Textures/CompletedObjectiveStar.uexp" 684
"E:/Users/User/Documents/Unreal Projects/Dreamy/Content/Widgets/LevelObjectiveCompletedIcon.uasset" 685
"E:/Users/User/Documents/Unreal Projects/Dreamy/Content/Widgets/LevelObjectiveCompletedIcon.uexp" 686
"E:/Users/User/Documents/Unreal Projects/Dreamy/Content/Widgets/YouWinMenu.uasset" 687
"E:/Users/User/Documents/Unreal Projects/Dreamy/Content/Widgets/YouWinMenu.uexp" 688
"E:/Users/User/Documents/Unreal Projects/Dreamy/Content/Widgets/PauseMenu.uasset" 689
"E:/Users/User/Documents/Unreal Projects/Dreamy/Content/Widgets/PauseMenu.uexp" 690
"E:/Users/User/Documents/Unreal Projects/Dreamy/Content/Textures/LivesIcon.uasset" 691
"E:/Users/User/Documents/Unreal Projects/Dreamy/Content/Textures/LivesIcon.uexp" 692
"E:/Users/User/Documents/Unreal Projects/Dreamy/Content/Widgets/LivesUITrue.uasset" 693
"E:/Users/User/Documents/Unreal Projects/Dreamy/Content/Widgets/LivesUITrue.uexp" 694
"E:/Users/User/Documents/Unreal Projects/Dreamy/Content/Textures/LivesIconDark.uasset" 695
"E:/Users/User/Documents/Unreal Projects/Dreamy/Content/Textures/LivesIconDark.uexp" 696
"E:/Users/User/Documents/Unreal Projects/Dreamy/Content/Widgets/LivesUIFalse.uasset" 697
"E:/Users/User/Documents/Unreal Projects/Dreamy/Content/Widgets/LivesUIFalse.uexp" 698
"E:/Users/User/Documents/Unreal Projects/Dreamy/Content/Textures/UnpauseButton.uasset" 699
"E:/Users/User/Documents/Unreal Projects/Dreamy/Content/Textures/UnpauseButton.uexp" 700
"E:/Users/User/Documents/Unreal Projects/Dreamy/Content/Textures/SlowDown.uasset" 701
"E:/Users/User/Documents/Unreal Projects/Dreamy/Content/Textures/SlowDown.uexp" 702
"E:/Users/User/Documents/Unreal Projects/Dreamy/Content/Textures/SkyRocket.uasset" 703
"E:/Users/User/Documents/Unreal Projects/Dreamy/Content/Textures/SkyRocket.uexp" 704
"E:/Users/User/Documents/Unreal Projects/Dreamy/Content/Textures/ShrinkIn.uasset" 705
"E:/Users/User/Documents/Unreal Projects/Dreamy/Content/Textures/ShrinkIn.uexp" 706
"E:/Users/User/Documents/Unreal Projects/Dreamy/Content/Textures/SacredShield.uasset" 707
"E:/Users/User/Documents/Unreal Projects/Dreamy/Content/Textures/SacredShield.uexp" 708
"E:/Users/User/Documents/Unreal Projects/Dreamy/Content/Textures/PauseButton.uasset" 709
"E:/Users/User/Documents/Unreal Projects/Dreamy/Content/Textures/PauseButton.uexp" 710
"E:/Users/User/Documents/Unreal Projects/Dreamy/Content/Textures/Paralyze.uasset" 711
"E:/Users/User/Documents/Unreal Projects/Dreamy/Content/Textures/Paralyze.uexp" 712
"E:/Users/User/Documents/Unreal Projects/Dreamy/Content/Textures/JumpButton.uasset" 713
"E:/Users/User/Documents/Unreal Projects/Dreamy/Content/Textures/JumpButton.uexp" 714
"E:/Users/User/Documents/Unreal Projects/Dreamy/Content/Textures/JoustingLance.uasset" 715
"E:/Users/User/Documents/Unreal Projects/Dreamy/Content/Textures/JoustingLance.uexp" 716
"E:/Users/User/Documents/Unreal Projects/Dreamy/Content/Textures/Hammer.uasset" 717
"E:/Users/User/Documents/Unreal Projects/Dreamy/Content/Textures/Hammer.uexp" 718
"E:/Users/User/Documents/Unreal Projects/Dreamy/Content/Textures/EnemiesDestroyedIcon.uasset" 719
"E:/Users/User/Documents/Unreal Projects/Dreamy/Content/Textures/EnemiesDestroyedIcon.uexp" 720
"E:/Users/User/Documents/Unreal Projects/Dreamy/Content/Textures/Dash.uasset" 721
"E:/Users/User/Documents/Unreal Projects/Dreamy/Content/Textures/Dash.uexp" 722
"E:/Users/User/Documents/Unreal Projects/Dreamy/Content/Textures/DamagingAura.uasset" 723
"E:/Users/User/Documents/Unreal Projects/Dreamy/Content/Textures/DamagingAura.uexp" 724
"E:/Users/User/Documents/Unreal Projects/Dreamy/Content/Textures/ContactGrenade.uasset" 725
"E:/Users/User/Documents/Unreal Projects/Dreamy/Content/Textures/ContactGrenade.uexp" 726
"E:/Users/User/Documents/Unreal Projects/Dreamy/Content/Textures/CoinsIcon.uasset" 727
"E:/Users/User/Documents/Unreal Projects/Dreamy/Content/Textures/CoinsIcon.uexp" 728
"E:/Users/User/Documents/Unreal Projects/Dreamy/Content/Textures/BigBounce.uasset" 729
"E:/Users/User/Documents/Unreal Projects/Dreamy/Content/Textures/BigBounce.uexp" 730
"E:/Users/User/Documents/Unreal Projects/Dreamy/Content/Textures/Barricade.uasset" 731
"E:/Users/User/Documents/Unreal Projects/Dreamy/Content/Textures/Barricade.uexp" 732
"E:/Users/User/Documents/Unreal Projects/Dreamy/Content/Widgets/HUD.uasset" 733
"E:/Users/User/Documents/Unreal Projects/Dreamy/Content/Widgets/HUD.uexp" 734
"E:/Users/User/Documents/Unreal Projects/Dreamy/Content/Widgets/GameOverMenu.uasset" 735
"E:/Users/User/Documents/Unreal Projects/Dreamy/Content/Widgets/GameOverMenu.uexp" 736
"E:/Users/User/Documents/Unreal Projects/Dreamy/Content/MobileStarterContent/Shapes/Shape_Sphere.uasset" 737
"E:/Users/User/Documents/Unreal Projects/Dreamy/Content/MobileStarterContent/Shapes/Shape_Sphere.uexp" 738
"E:/Users/User/Documents/Unreal Projects/Dreamy/Content/Materials/MaterialInstances/AttackMeshMeshInstDarker.uasset" 739
"E:/Users/User/Documents/Unreal Projects/Dreamy/Content/Materials/MaterialInstances/AttackMeshMeshInstDarker.uexp" 740
"E:/Users/User/Documents/Unreal Projects/Dreamy/Content/MeshesAndAnimations/PlayerSkills/SkyRocketPathTellingObject.uasset" 741
"E:/Users/User/Documents/Unreal Projects/Dreamy/Content/MeshesAndAnimations/PlayerSkills/SkyRocketPathTellingObject.uexp" 742
"E:/Users/User/Documents/Unreal Projects/Dreamy/Content/MeshesAndAnimations/PlayerSkills/SkyRocket.uasset" 743
"E:/Users/User/Documents/Unreal Projects/Dreamy/Content/MeshesAndAnimations/PlayerSkills/SkyRocket.uexp" 744
"E:/Users/User/Documents/Unreal Projects/Dreamy/Content/MeshesAndAnimations/PlayerSkills/JoustingLance.uasset" 745
"E:/Users/User/Documents/Unreal Projects/Dreamy/Content/MeshesAndAnimations/PlayerSkills/JoustingLance.uexp" 746
"E:/Users/User/Documents/Unreal Projects/Dreamy/Content/MeshesAndAnimations/PlayerSkills/Hammer.uasset" 747
"E:/Users/User/Documents/Unreal Projects/Dreamy/Content/MeshesAndAnimations/PlayerSkills/Hammer.uexp" 748
"E:/Users/User/Documents/Unreal Projects/Dreamy/Content/MeshesAndAnimations/PlayerSkills/BigBounce.uasset" 749
"E:/Users/User/Documents/Unreal Projects/Dreamy/Content/MeshesAndAnimations/PlayerSkills/BigBounce.uexp" 750
"../../../Engine/Content/EngineDebugMaterials/ClothMaterial_WF.uasset" 751
"../../../Engine/Content/EngineDebugMaterials/ClothMaterial_WF.uexp" 752
"E:/Users/User/Documents/Unreal Projects/Dreamy/Content/MeshesAndAnimations/PlayerSkills/ContactGrenade.uasset" 753
"E:/Users/User/Documents/Unreal Projects/Dreamy/Content/MeshesAndAnimations/PlayerSkills/ContactGrenade.uexp" 754
"E:/Users/User/Documents/Unreal Projects/Dreamy/Content/MeshesAndAnimations/Other/triangle.uasset" 755
"E:/Users/User/Documents/Unreal Projects/Dreamy/Content/MeshesAndAnimations/Other/triangle.uexp" 756
"../../../Engine/Plugins/FX/Niagara/Content/DynamicInputs/Multiply/Multiply_Int.uasset" 757
"../../../Engine/Plugins/FX/Niagara/Content/DynamicInputs/Multiply/Multiply_Int.uexp" 758
"../../../Engine/Plugins/FX/Niagara/Content/Enums/SpriteRenderer/ENiagara_ScaleSpriteSize.uasset" 759
"../../../Engine/Plugins/FX/Niagara/Content/Enums/SpriteRenderer/ENiagara_ScaleSpriteSize.uexp" 760
"../../../Engine/Plugins/FX/Niagara/Content/Modules/Update/Size/ScaleSpriteSize.uasset" 761
"../../../Engine/Plugins/FX/Niagara/Content/Modules/Update/Size/ScaleSpriteSize.uexp" 762
"../../../Engine/Plugins/FX/Niagara/Content/Functions/RandomUnitVector.uasset" 763
"../../../Engine/Plugins/FX/Niagara/Content/Functions/RandomUnitVector.uexp" 764
"../../../Engine/Plugins/FX/Niagara/Content/Functions/RandomVector.uasset" 765
"../../../Engine/Plugins/FX/Niagara/Content/Functions/RandomVector.uexp" 766
"../../../Engine/Plugins/FX/Niagara/Content/Functions/NormalizeDistanceRange.uasset" 767
"../../../Engine/Plugins/FX/Niagara/Content/Functions/NormalizeDistanceRange.uexp" 768
"../../../Engine/Plugins/FX/Niagara/Content/Functions/DistanceBasedFalloff.uasset" 769
"../../../Engine/Plugins/FX/Niagara/Content/Functions/DistanceBasedFalloff.uexp" 770
"../../../Engine/Plugins/FX/Niagara/Content/Modules/Spawn/Velocity/AddVelocityFromPoint.uasset" 771
"../../../Engine/Plugins/FX/Niagara/Content/Modules/Spawn/Velocity/AddVelocityFromPoint.uexp" 772
"../../../Engine/Plugins/FX/Niagara/Content/DynamicInputs/TypeConversions/Vector2DFromFloat.uasset" 773
"../../../Engine/Plugins/FX/Niagara/Content/DynamicInputs/TypeConversions/Vector2DFromFloat.uexp" 774
"../../../Engine/Plugins/FX/Niagara/Content/DynamicInputs/Helpers/SimulationPosition.uasset" 775
"../../../Engine/Plugins/FX/Niagara/Content/DynamicInputs/Helpers/SimulationPosition.uexp" 776
"../../../Engine/Plugins/FX/Niagara/Content/Enums/ENiagaraMassByVolume.uasset" 777
"../../../Engine/Plugins/FX/Niagara/Content/Enums/ENiagaraMassByVolume.uexp" 778
"../../../Engine/Plugins/FX/Niagara/Content/Modules/Update/Mass/CalculateSizeAndRotationalInertiaByMass.uasset" 779
"../../../Engine/Plugins/FX/Niagara/Content/Modules/Update/Mass/CalculateSizeAndRotationalInertiaByMass.uexp" 780
"../../../Engine/Plugins/FX/Niagara/Content/Modules/Emitter/SpawnBurst_Instantaneous.uasset" 781
"../../../Engine/Plugins/FX/Niagara/Content/Modules/Emitter/SpawnBurst_Instantaneous.uexp" 782
"../../../Engine/Plugins/FX/Niagara/Content/Enums/ENiagaraMeshTransforms.uasset" 783
"../../../Engine/Plugins/FX/Niagara/Content/Enums/ENiagaraMeshTransforms.uexp" 784
"../../../Engine/Plugins/FX/Niagara/Content/Modules/Update/Orientation/V2/MeshRotationForce.uasset" 785
"../../../Engine/Plugins/FX/Niagara/Content/Modules/Update/Orientation/V2/MeshRotationForce.uexp" 786
"../../../Engine/Plugins/FX/Niagara/Content/Functions/Rotation/AxisAngleToQuaternion.uasset" 787
"../../../Engine/Plugins/FX/Niagara/Content/Functions/Rotation/AxisAngleToQuaternion.uexp" 788
"../../../Engine/Plugins/FX/Niagara/Content/Functions/Rotation/MultiplyQuaternion.uasset" 789
"../../../Engine/Plugins/FX/Niagara/Content/Functions/Rotation/MultiplyQuaternion.uexp" 790
"../../../Engine/Plugins/FX/Niagara/Content/Modules/Solvers/ApplyRotationVector.uasset" 791
"../../../Engine/Plugins/FX/Niagara/Content/Modules/Solvers/ApplyRotationVector.uexp" 792
"../../../Engine/Plugins/FX/Niagara/Content/Modules/Solvers/SolveRotationalForcesAndVelocity.uasset" 793
"../../../Engine/Plugins/FX/Niagara/Content/Modules/Solvers/SolveRotationalForcesAndVelocity.uexp" 794
"E:/Users/User/Documents/Unreal Projects/Dreamy/Content/VFX/EnemyDeathNiagaraSystem.uasset" 795
"E:/Users/User/Documents/Unreal Projects/Dreamy/Content/VFX/EnemyDeathNiagaraSystem.uexp" 796
"E:/Users/User/Documents/Unreal Projects/Dreamy/Content/Blueprints/PlayerSkills/ContactGrenade.uasset" 797
"E:/Users/User/Documents/Unreal Projects/Dreamy/Content/Blueprints/PlayerSkills/ContactGrenade.uexp" 798
"E:/Users/User/Documents/Unreal Projects/Dreamy/Content/MeshesAndAnimations/PlayerSkills/Barricade.uasset" 799
"E:/Users/User/Documents/Unreal Projects/Dreamy/Content/MeshesAndAnimations/PlayerSkills/Barricade.uexp" 800
"E:/Users/User/Documents/Unreal Projects/Dreamy/Content/Blueprints/PlayerSkills/Barricade.uasset" 801
"E:/Users/User/Documents/Unreal Projects/Dreamy/Content/Blueprints/PlayerSkills/Barricade.uexp" 802
"E:/Users/User/Documents/Unreal Projects/Dreamy/Content/MeshesAndAnimations/PlayerSkills/JoustingLanceEndPointTarget.uasset" 803
"E:/Users/User/Documents/Unreal Projects/Dreamy/Content/MeshesAndAnimations/PlayerSkills/JoustingLanceEndPointTarget.uexp" 804
"E:/Users/User/Documents/Unreal Projects/Dreamy/Content/VFX/CoinNiagaraSystem.uasset" 805
"E:/Users/User/Documents/Unreal Projects/Dreamy/Content/VFX/CoinNiagaraSystem.uexp" 806
"E:/Users/User/Documents/Unreal Projects/Dreamy/Content/Blueprints/ThirdPersonCharacter.uasset" 807
"E:/Users/User/Documents/Unreal Projects/Dreamy/Content/Blueprints/ThirdPersonCharacter.uexp" 808
"E:/Users/User/Documents/Unreal Projects/Dreamy/Content/Blueprints/PController.uasset" 809
"E:/Users/User/Documents/Unreal Projects/Dreamy/Content/Blueprints/PController.uexp" 810
"E:/Users/User/Documents/Unreal Projects/Dreamy/Content/Blueprints/ThirdPersonGameMode.uasset" 811
"E:/Users/User/Documents/Unreal Projects/Dreamy/Content/Blueprints/ThirdPersonGameMode.uexp" 812
"E:/Users/User/Documents/Unreal Projects/Dreamy/Content/MeshesAndAnimations/Other/ArmadilloBurrowIndicator.uasset" 813
"E:/Users/User/Documents/Unreal Projects/Dreamy/Content/MeshesAndAnimations/Other/ArmadilloBurrowIndicator.uexp" 814
"E:/Users/User/Documents/Unreal Projects/Dreamy/Content/Materials/BaseMatColorAndRoughnessOnlyMat.uasset" 815
"E:/Users/User/Documents/Unreal Projects/Dreamy/Content/Materials/BaseMatColorAndRoughnessOnlyMat.uexp" 816
"E:/Users/User/Documents/Unreal Projects/Dreamy/Content/Materials/MaterialInstances/BlackHoleMatInst.uasset" 817
"E:/Users/User/Documents/Unreal Projects/Dreamy/Content/Materials/MaterialInstances/BlackHoleMatInst.uexp" 818
"E:/Users/User/Documents/Unreal Projects/Dreamy/Content/MeshesAndAnimations/Other/ArmadilloBurrowBottom.uasset" 819
"E:/Users/User/Documents/Unreal Projects/Dreamy/Content/MeshesAndAnimations/Other/ArmadilloBurrowBottom.uexp" 820
"E:/Users/User/Documents/Unreal Projects/Dreamy/Content/MeshesAndAnimations/Other/ArmadilloBurrow.uasset" 821
"E:/Users/User/Documents/Unreal Projects/Dreamy/Content/MeshesAndAnimations/Other/ArmadilloBurrow.uexp" 822
"E:/Users/User/Documents/Unreal Projects/Dreamy/Content/Blueprints/Other/ArmadilloBurrowInGameActor.uasset" 823
"E:/Users/User/Documents/Unreal Projects/Dreamy/Content/Blueprints/Other/ArmadilloBurrowInGameActor.uexp" 824
"../../../Engine/Content/EngineSky/SM_SkySphere.uasset" 825
"../../../Engine/Content/EngineSky/SM_SkySphere.uexp" 826
"../../../Engine/Content/EngineSky/C_Sky_Zenith_Color.uasset" 827
"../../../Engine/Content/EngineSky/C_Sky_Zenith_Color.uexp" 828
"../../../Engine/Content/EngineSky/C_Sky_Horizon_Color.uasset" 829
"../../../Engine/Content/EngineSky/C_Sky_Horizon_Color.uexp" 830
"../../../Engine/Content/EngineSky/C_Sky_Cloud_Color.uasset" 831
"../../../Engine/Content/EngineSky/C_Sky_Cloud_Color.uexp" 832
"../../../Engine/Content/EngineSky/BP_Sky_Sphere.uasset" 833
"../../../Engine/Content/EngineSky/BP_Sky_Sphere.uexp" 834
"E:/Users/User/Documents/Unreal Projects/Dreamy/Content/MeshesAndAnimations/Enemies/Wheel.uasset" 835
"E:/Users/User/Documents/Unreal Projects/Dreamy/Content/MeshesAndAnimations/Enemies/Wheel.uexp" 836
"E:/Users/User/Documents/Unreal Projects/Dreamy/Content/MeshesAndAnimations/Enemies/Snake_Anim_Armature_ArmatureAction.uasset" 837
"E:/Users/User/Documents/Unreal Projects/Dreamy/Content/MeshesAndAnimations/Enemies/Snake_Anim_Armature_ArmatureAction.uexp" 838
"E:/Users/User/Documents/Unreal Projects/Dreamy/Content/MeshesAndAnimations/Other/BlackHole.uasset" 839
"E:/Users/User/Documents/Unreal Projects/Dreamy/Content/MeshesAndAnimations/Other/BlackHole.uexp" 840
"../../../Engine/Plugins/FX/Niagara/Content/Modules/Update/Size/ScaleMeshSize.uasset" 841
"../../../Engine/Plugins/FX/Niagara/Content/Modules/Update/Size/ScaleMeshSize.uexp" 842
"../../../Engine/Plugins/FX/Niagara/Content/DynamicInputs/ValueFromCurve/VectorFromCurve.uasset" 843
"../../../Engine/Plugins/FX/Niagara/Content/DynamicInputs/ValueFromCurve/VectorFromCurve.uexp" 844
"E:/Users/User/Documents/Unreal Projects/Dreamy/Content/VFX/BlackHoleNiagaraSystem.uasset" 845
"E:/Users/User/Documents/Unreal Projects/Dreamy/Content/VFX/BlackHoleNiagaraSystem.uexp" 846
"E:/Users/User/Documents/Unreal Projects/Dreamy/Content/Blueprints/Enemies/Wheel.uasset" 847
"E:/Users/User/Documents/Unreal Projects/Dreamy/Content/Blueprints/Enemies/Wheel.uexp" 848
"E:/Users/User/Documents/Unreal Projects/Dreamy/Content/MeshesAndAnimations/Enemies/SpikeWreckingBall.uasset" 849
"E:/Users/User/Documents/Unreal Projects/Dreamy/Content/MeshesAndAnimations/Enemies/SpikeWreckingBall.uexp" 850
"E:/Users/User/Documents/Unreal Projects/Dreamy/Content/Blueprints/Enemies/SpikeWreckingBall.uasset" 851
"E:/Users/User/Documents/Unreal Projects/Dreamy/Content/Blueprints/Enemies/SpikeWreckingBall.uexp" 852
"E:/Users/User/Documents/Unreal Projects/Dreamy/Content/MeshesAndAnimations/Enemies/Spike.uasset" 853
"E:/Users/User/Documents/Unreal Projects/Dreamy/Content/MeshesAndAnimations/Enemies/Spike.uexp" 854
"E:/Users/User/Documents/Unreal Projects/Dreamy/Content/Blueprints/Enemies/Spike.uasset" 855
"E:/Users/User/Documents/Unreal Projects/Dreamy/Content/Blueprints/Enemies/Spike.uexp" 856
"E:/Users/User/Documents/Unreal Projects/Dreamy/Content/MeshesAndAnimations/Enemies/Snowball.uasset" 857
"E:/Users/User/Documents/Unreal Projects/Dreamy/Content/MeshesAndAnimations/Enemies/Snowball.uexp" 858
"E:/Users/User/Documents/Unreal Projects/Dreamy/Content/Blueprints/Enemies/Snowball.uasset" 859
"E:/Users/User/Documents/Unreal Projects/Dreamy/Content/Blueprints/Enemies/Snowball.uexp" 860
"E:/Users/User/Documents/Unreal Projects/Dreamy/Content/MeshesAndAnimations/Enemies/Snake_PhysicsAsset.uasset" 861
"E:/Users/User/Documents/Unreal Projects/Dreamy/Content/MeshesAndAnimations/Enemies/Snake_PhysicsAsset.uexp" 862
"E:/Users/User/Documents/Unreal Projects/Dreamy/Content/MeshesAndAnimations/Enemies/Snake.uasset" 863
"E:/Users/User/Documents/Unreal Projects/Dreamy/Content/MeshesAndAnimations/Enemies/Snake.uexp" 864
"E:/Users/User/Documents/Unreal Projects/Dreamy/Content/Blueprints/Enemies/Snake.uasset" 865
"E:/Users/User/Documents/Unreal Projects/Dreamy/Content/Blueprints/Enemies/Snake.uexp" 866
"E:/Users/User/Documents/Unreal Projects/Dreamy/Content/MeshesAndAnimations/Enemies/RoundSawBlade.uasset" 867
"E:/Users/User/Documents/Unreal Projects/Dreamy/Content/MeshesAndAnimations/Enemies/RoundSawBlade.uexp" 868
"E:/Users/User/Documents/Unreal Projects/Dreamy/Content/Blueprints/Enemies/RoundSawBlade.uasset" 869
"E:/Users/User/Documents/Unreal Projects/Dreamy/Content/Blueprints/Enemies/RoundSawBlade.uexp" 870
"E:/Users/User/Documents/Unreal Projects/Dreamy/Content/MeshesAndAnimations/Enemies/Rhino_Skeleton.uasset" 871
"E:/Users/User/Documents/Unreal Projects/Dreamy/Content/MeshesAndAnimations/Enemies/Rhino_Skeleton.uexp" 872
"E:/Users/User/Documents/Unreal Projects/Dreamy/Content/MeshesAndAnimations/Enemies/Rhino_Anim.uasset" 873
"E:/Users/User/Documents/Unreal Projects/Dreamy/Content/MeshesAndAnimations/Enemies/Rhino_Anim.uexp" 874
"E:/Users/User/Documents/Unreal Projects/Dreamy/Content/MeshesAndAnimations/Enemies/Rhino_PhysicsAsset.uasset" 875
"E:/Users/User/Documents/Unreal Projects/Dreamy/Content/MeshesAndAnimations/Enemies/Rhino_PhysicsAsset.uexp" 876
"E:/Users/User/Documents/Unreal Projects/Dreamy/Content/MeshesAndAnimations/Enemies/Rhino.uasset" 877
"E:/Users/User/Documents/Unreal Projects/Dreamy/Content/MeshesAndAnimations/Enemies/Rhino.uexp" 878
"E:/Users/User/Documents/Unreal Projects/Dreamy/Content/Blueprints/Enemies/Rhino.uasset" 879
"E:/Users/User/Documents/Unreal Projects/Dreamy/Content/Blueprints/Enemies/Rhino.uexp" 880
"E:/Users/User/Documents/Unreal Projects/Dreamy/Content/MeshesAndAnimations/Enemies/Penguin.uasset" 881
"E:/Users/User/Documents/Unreal Projects/Dreamy/Content/MeshesAndAnimations/Enemies/Penguin.uexp" 882
"E:/Users/User/Documents/Unreal Projects/Dreamy/Content/Blueprints/Enemies/Penguin.uasset" 883
"E:/Users/User/Documents/Unreal Projects/Dreamy/Content/Blueprints/Enemies/Penguin.uexp" 884
"E:/Users/User/Documents/Unreal Projects/Dreamy/Content/MeshesAndAnimations/Enemies/Frog.uasset" 885
"E:/Users/User/Documents/Unreal Projects/Dreamy/Content/MeshesAndAnimations/Enemies/Frog.uexp" 886
"E:/Users/User/Documents/Unreal Projects/Dreamy/Content/Blueprints/Enemies/Frog.uasset" 887
"E:/Users/User/Documents/Unreal Projects/Dreamy/Content/Blueprints/Enemies/Frog.uexp" 888
"E:/Users/User/Documents/Unreal Projects/Dreamy/Content/Maps/TestMap_BuiltData.uasset" 889
"E:/Users/User/Documents/Unreal Projects/Dreamy/Content/Maps/TestMap_BuiltData.uexp" 890
"E:/Users/User/Documents/Unreal Projects/Dreamy/Content/Maps/TestMap_BuiltData.ubulk" 891
"E:/Users/User/Documents/Unreal Projects/Dreamy/Content/Structs/EnemyRotation.uasset" 892
"E:/Users/User/Documents/Unreal Projects/Dreamy/Content/Structs/EnemyRotation.uexp" 893
"E:/Users/User/Documents/Unreal Projects/Dreamy/Content/MeshesAndAnimations/Enemies/Eagle.uasset" 894
"E:/Users/User/Documents/Unreal Projects/Dreamy/Content/MeshesAndAnimations/Enemies/Eagle.uexp" 895
"E:/Users/User/Documents/Unreal Projects/Dreamy/Content/Blueprints/Enemies/Eagle.uasset" 896
"E:/Users/User/Documents/Unreal Projects/Dreamy/Content/Blueprints/Enemies/Eagle.uexp" 897
"E:/Users/User/Documents/Unreal Projects/Dreamy/Content/MeshesAndAnimations/Enemies/Crab_PhysicsAsset.uasset" 898
"E:/Users/User/Documents/Unreal Projects/Dreamy/Content/MeshesAndAnimations/Enemies/Crab_PhysicsAsset.uexp" 899
"E:/Users/User/Documents/Unreal Projects/Dreamy/Content/MeshesAndAnimations/Enemies/Crab.uasset" 900
"E:/Users/User/Documents/Unreal Projects/Dreamy/Content/MeshesAndAnimations/Enemies/Crab.uexp" 901
"E:/Users/User/Documents/Unreal Projects/Dreamy/Content/Blueprints/Enemies/Crab.uasset" 902
"E:/Users/User/Documents/Unreal Projects/Dreamy/Content/Blueprints/Enemies/Crab.uexp" 903
"E:/Users/User/Documents/Unreal Projects/Dreamy/Content/MeshesAndAnimations/Enemies/Clam_Skeleton.uasset" 904
"E:/Users/User/Documents/Unreal Projects/Dreamy/Content/MeshesAndAnimations/Enemies/Clam_Skeleton.uexp" 905
"E:/Users/User/Documents/Unreal Projects/Dreamy/Content/MeshesAndAnimations/Enemies/Clam_Anim.uasset" 906
"E:/Users/User/Documents/Unreal Projects/Dreamy/Content/MeshesAndAnimations/Enemies/Clam_Anim.uexp" 907
"E:/Users/User/Documents/Unreal Projects/Dreamy/Content/MeshesAndAnimations/Enemies/Clam_PhysicsAsset.uasset" 908
"E:/Users/User/Documents/Unreal Projects/Dreamy/Content/MeshesAndAnimations/Enemies/Clam_PhysicsAsset.uexp" 909
"E:/Users/User/Documents/Unreal Projects/Dreamy/Content/MeshesAndAnimations/Enemies/Clam.uasset" 910
"E:/Users/User/Documents/Unreal Projects/Dreamy/Content/MeshesAndAnimations/Enemies/Clam.uexp" 911
"E:/Users/User/Documents/Unreal Projects/Dreamy/Content/Blueprints/Enemies/Clam.uasset" 912
"E:/Users/User/Documents/Unreal Projects/Dreamy/Content/Blueprints/Enemies/Clam.uexp" 913
"E:/Users/User/Documents/Unreal Projects/Dreamy/Content/MeshesAndAnimations/Enemies/Bee_Skeleton.uasset" 914
"E:/Users/User/Documents/Unreal Projects/Dreamy/Content/MeshesAndAnimations/Enemies/Bee_Skeleton.uexp" 915
"E:/Users/User/Documents/Unreal Projects/Dreamy/Content/MeshesAndAnimations/Enemies/Bee_Anim.uasset" 916
"E:/Users/User/Documents/Unreal Projects/Dreamy/Content/MeshesAndAnimations/Enemies/Bee_Anim.uexp" 917
"E:/Users/User/Documents/Unreal Projects/Dreamy/Content/MeshesAndAnimations/Enemies/Bee_PhysicsAsset.uasset" 918
"E:/Users/User/Documents/Unreal Projects/Dreamy/Content/MeshesAndAnimations/Enemies/Bee_PhysicsAsset.uexp" 919
"E:/Users/User/Documents/Unreal Projects/Dreamy/Content/MeshesAndAnimations/Enemies/Bee.uasset" 920
"E:/Users/User/Documents/Unreal Projects/Dreamy/Content/MeshesAndAnimations/Enemies/Bee.uexp" 921
"E:/Users/User/Documents/Unreal Projects/Dreamy/Content/Blueprints/Enemies/Bee.uasset" 922
"E:/Users/User/Documents/Unreal Projects/Dreamy/Content/Blueprints/Enemies/Bee.uexp" 923
"E:/Users/User/Documents/Unreal Projects/Dreamy/Content/MeshesAndAnimations/Enemies/Anchor_Skeleton.uasset" 924
"E:/Users/User/Documents/Unreal Projects/Dreamy/Content/MeshesAndAnimations/Enemies/Anchor_Skeleton.uexp" 925
"E:/Users/User/Documents/Unreal Projects/Dreamy/Content/MeshesAndAnimations/Enemies/Anchor_Anim.uasset" 926
"E:/Users/User/Documents/Unreal Projects/Dreamy/Content/MeshesAndAnimations/Enemies/Anchor_Anim.uexp" 927
"E:/Users/User/Documents/Unreal Projects/Dreamy/Content/MeshesAndAnimations/Enemies/Anchor_PhysicsAsset.uasset" 928
"E:/Users/User/Documents/Unreal Projects/Dreamy/Content/MeshesAndAnimations/Enemies/Anchor_PhysicsAsset.uexp" 929
"E:/Users/User/Documents/Unreal Projects/Dreamy/Content/MeshesAndAnimations/Enemies/Anchor.uasset" 930
"E:/Users/User/Documents/Unreal Projects/Dreamy/Content/MeshesAndAnimations/Enemies/Anchor.uexp" 931
"E:/Users/User/Documents/Unreal Projects/Dreamy/Content/VFX/AnchorTellNiagaraSystem.uasset" 932
"E:/Users/User/Documents/Unreal Projects/Dreamy/Content/VFX/AnchorTellNiagaraSystem.uexp" 933
"E:/Users/User/Documents/Unreal Projects/Dreamy/Content/Blueprints/Enemies/Anchor.uasset" 934
"E:/Users/User/Documents/Unreal Projects/Dreamy/Content/Blueprints/Enemies/Anchor.uexp" 935
"E:/Users/User/Documents/Unreal Projects/Dreamy/Content/Maps/TestMap.uexp" 936
"E:/Users/User/Documents/Unreal Projects/Dreamy/Content/Maps/TestMap.umap" 937
"../../../Engine/Content/Maps/Entry_BuiltData.uasset" 938
"../../../Engine/Content/Maps/Entry_BuiltData.uexp" 939
"../../../Engine/Content/Maps/Entry.uexp" 940
"../../../Engine/Content/Maps/Entry.umap" 941
